<?xml version="1.0" encoding="UTF-8"?>
<!-- Generated by org.testng.reporters.JUnitReportReporter -->
<testsuite hostname="LPDEV01" failures="0" tests="2" name="mainPackage.DataProviderExample" time="56.524" errors="0" timestamp="2024-02-05T11:45:50 IST" skipped="0">
  <testcase classname="mainPackage.DataProviderExample" name="testMethod" time="28.518"/>
  <system-out/>
  <testcase classname="mainPackage.DataProviderExample" name="testMethod" time="28.006"/>
  <system-out/>
</testsuite> <!-- mainPackage.DataProviderExample -->
