<?xml version="1.0" encoding="UTF-8"?>
<!-- Generated by org.testng.reporters.JUnitReportReporter -->
<testsuite hostname="LPDEV01" failures="0" tests="3" name="mainPackage.RunnerClass" time="168.185" errors="0" timestamp="2024-05-17T11:46:58 IST" skipped="0">
  <testcase classname="mainPackage.RunnerClass" name="testMethod" time="56.477"/>
  <system-out/>
  <testcase classname="mainPackage.RunnerClass" name="testMethod" time="54.686"/>
  <system-out/>
  <testcase classname="mainPackage.RunnerClass" name="testMethod" time="57.022"/>
  <system-out/>
</testsuite> <!-- mainPackage.RunnerClass -->
