<?xml version="1.0" encoding="UTF-8"?>
<!-- Generated by org.testng.reporters.JUnitReportReporter -->
<testsuite hostname="LPDEV01" failures="0" tests="83" name="mainPackage.RunnerClass" time="4041.422" errors="0" timestamp="2024-05-02T14:29:35 GMT+05:30" skipped="0">
  <testcase classname="mainPackage.RunnerClass" name="testMethod" time="47.886"/>
  <system-out/>
  <testcase classname="mainPackage.RunnerClass" name="testMethod" time="46.608"/>
  <system-out/>
  <testcase classname="mainPackage.RunnerClass" name="testMethod" time="46.997"/>
  <system-out/>
  <testcase classname="mainPackage.RunnerClass" name="testMethod" time="47.749"/>
  <system-out/>
  <testcase classname="mainPackage.RunnerClass" name="testMethod" time="55.140"/>
  <system-out/>
  <testcase classname="mainPackage.RunnerClass" name="testMethod" time="46.376"/>
  <system-out/>
  <testcase classname="mainPackage.RunnerClass" name="testMethod" time="48.453"/>
  <system-out/>
  <testcase classname="mainPackage.RunnerClass" name="testMethod" time="51.436"/>
  <system-out/>
  <testcase classname="mainPackage.RunnerClass" name="testMethod" time="47.396"/>
  <system-out/>
  <testcase classname="mainPackage.RunnerClass" name="testMethod" time="47.526"/>
  <system-out/>
  <testcase classname="mainPackage.RunnerClass" name="testMethod" time="49.401"/>
  <system-out/>
  <testcase classname="mainPackage.RunnerClass" name="testMethod" time="47.212"/>
  <system-out/>
  <testcase classname="mainPackage.RunnerClass" name="testMethod" time="48.109"/>
  <system-out/>
  <testcase classname="mainPackage.RunnerClass" name="testMethod" time="56.693"/>
  <system-out/>
  <testcase classname="mainPackage.RunnerClass" name="testMethod" time="48.793"/>
  <system-out/>
  <testcase classname="mainPackage.RunnerClass" name="testMethod" time="56.401"/>
  <system-out/>
  <testcase classname="mainPackage.RunnerClass" name="testMethod" time="46.752"/>
  <system-out/>
  <testcase classname="mainPackage.RunnerClass" name="testMethod" time="46.402"/>
  <system-out/>
  <testcase classname="mainPackage.RunnerClass" name="testMethod" time="47.728"/>
  <system-out/>
  <testcase classname="mainPackage.RunnerClass" name="testMethod" time="55.732"/>
  <system-out/>
  <testcase classname="mainPackage.RunnerClass" name="testMethod" time="47.141"/>
  <system-out/>
  <testcase classname="mainPackage.RunnerClass" name="testMethod" time="49.239"/>
  <system-out/>
  <testcase classname="mainPackage.RunnerClass" name="testMethod" time="53.910"/>
  <system-out/>
  <testcase classname="mainPackage.RunnerClass" name="testMethod" time="48.912"/>
  <system-out/>
  <testcase classname="mainPackage.RunnerClass" name="testMethod" time="46.403"/>
  <system-out/>
  <testcase classname="mainPackage.RunnerClass" name="testMethod" time="48.048"/>
  <system-out/>
  <testcase classname="mainPackage.RunnerClass" name="testMethod" time="53.251"/>
  <system-out/>
  <testcase classname="mainPackage.RunnerClass" name="testMethod" time="47.584"/>
  <system-out/>
  <testcase classname="mainPackage.RunnerClass" name="testMethod" time="47.609"/>
  <system-out/>
  <testcase classname="mainPackage.RunnerClass" name="testMethod" time="48.023"/>
  <system-out/>
  <testcase classname="mainPackage.RunnerClass" name="testMethod" time="47.414"/>
  <system-out/>
  <testcase classname="mainPackage.RunnerClass" name="testMethod" time="47.383"/>
  <system-out/>
  <testcase classname="mainPackage.RunnerClass" name="testMethod" time="46.253"/>
  <system-out/>
  <testcase classname="mainPackage.RunnerClass" name="testMethod" time="48.085"/>
  <system-out/>
  <testcase classname="mainPackage.RunnerClass" name="testMethod" time="47.654"/>
  <system-out/>
  <testcase classname="mainPackage.RunnerClass" name="testMethod" time="49.333"/>
  <system-out/>
  <testcase classname="mainPackage.RunnerClass" name="testMethod" time="49.076"/>
  <system-out/>
  <testcase classname="mainPackage.RunnerClass" name="testMethod" time="46.222"/>
  <system-out/>
  <testcase classname="mainPackage.RunnerClass" name="testMethod" time="41.516"/>
  <system-out/>
  <testcase classname="mainPackage.RunnerClass" name="testMethod" time="47.369"/>
  <system-out/>
  <testcase classname="mainPackage.RunnerClass" name="testMethod" time="49.555"/>
  <system-out/>
  <testcase classname="mainPackage.RunnerClass" name="testMethod" time="47.143"/>
  <system-out/>
  <testcase classname="mainPackage.RunnerClass" name="testMethod" time="46.870"/>
  <system-out/>
  <testcase classname="mainPackage.RunnerClass" name="testMethod" time="50.078"/>
  <system-out/>
  <testcase classname="mainPackage.RunnerClass" name="testMethod" time="48.852"/>
  <system-out/>
  <testcase classname="mainPackage.RunnerClass" name="testMethod" time="50.302"/>
  <system-out/>
  <testcase classname="mainPackage.RunnerClass" name="testMethod" time="47.205"/>
  <system-out/>
  <testcase classname="mainPackage.RunnerClass" name="testMethod" time="48.591"/>
  <system-out/>
  <testcase classname="mainPackage.RunnerClass" name="testMethod" time="50.098"/>
  <system-out/>
  <testcase classname="mainPackage.RunnerClass" name="testMethod" time="46.739"/>
  <system-out/>
  <testcase classname="mainPackage.RunnerClass" name="testMethod" time="44.755"/>
  <system-out/>
  <testcase classname="mainPackage.RunnerClass" name="testMethod" time="47.008"/>
  <system-out/>
  <testcase classname="mainPackage.RunnerClass" name="testMethod" time="48.299"/>
  <system-out/>
  <testcase classname="mainPackage.RunnerClass" name="testMethod" time="45.472"/>
  <system-out/>
  <testcase classname="mainPackage.RunnerClass" name="testMethod" time="47.518"/>
  <system-out/>
  <testcase classname="mainPackage.RunnerClass" name="testMethod" time="48.452"/>
  <system-out/>
  <testcase classname="mainPackage.RunnerClass" name="testMethod" time="47.696"/>
  <system-out/>
  <testcase classname="mainPackage.RunnerClass" name="testMethod" time="48.415"/>
  <system-out/>
  <testcase classname="mainPackage.RunnerClass" name="testMethod" time="47.979"/>
  <system-out/>
  <testcase classname="mainPackage.RunnerClass" name="testMethod" time="51.579"/>
  <system-out/>
  <testcase classname="mainPackage.RunnerClass" name="testMethod" time="45.203"/>
  <system-out/>
  <testcase classname="mainPackage.RunnerClass" name="testMethod" time="47.476"/>
  <system-out/>
  <testcase classname="mainPackage.RunnerClass" name="testMethod" time="56.388"/>
  <system-out/>
  <testcase classname="mainPackage.RunnerClass" name="testMethod" time="45.342"/>
  <system-out/>
  <testcase classname="mainPackage.RunnerClass" name="testMethod" time="46.669"/>
  <system-out/>
  <testcase classname="mainPackage.RunnerClass" name="testMethod" time="56.372"/>
  <system-out/>
  <testcase classname="mainPackage.RunnerClass" name="testMethod" time="58.243"/>
  <system-out/>
  <testcase classname="mainPackage.RunnerClass" name="testMethod" time="50.737"/>
  <system-out/>
  <testcase classname="mainPackage.RunnerClass" name="testMethod" time="45.963"/>
  <system-out/>
  <testcase classname="mainPackage.RunnerClass" name="testMethod" time="48.404"/>
  <system-out/>
  <testcase classname="mainPackage.RunnerClass" name="testMethod" time="46.747"/>
  <system-out/>
  <testcase classname="mainPackage.RunnerClass" name="testMethod" time="56.090"/>
  <system-out/>
  <testcase classname="mainPackage.RunnerClass" name="testMethod" time="47.927"/>
  <system-out/>
  <testcase classname="mainPackage.RunnerClass" name="testMethod" time="46.112"/>
  <system-out/>
  <testcase classname="mainPackage.RunnerClass" name="testMethod" time="49.248"/>
  <system-out/>
  <testcase classname="mainPackage.RunnerClass" name="testMethod" time="47.276"/>
  <system-out/>
  <testcase classname="mainPackage.RunnerClass" name="testMethod" time="48.014"/>
  <system-out/>
  <testcase classname="mainPackage.RunnerClass" name="testMethod" time="45.400"/>
  <system-out/>
  <testcase classname="mainPackage.RunnerClass" name="testMethod" time="46.503"/>
  <system-out/>
  <testcase classname="mainPackage.RunnerClass" name="testMethod" time="47.354"/>
  <system-out/>
  <testcase classname="mainPackage.RunnerClass" name="testMethod" time="48.952"/>
  <system-out/>
  <testcase classname="mainPackage.RunnerClass" name="testMethod" time="50.557"/>
  <system-out/>
  <testcase classname="mainPackage.RunnerClass" name="testMethod" time="48.624"/>
  <system-out/>
</testsuite> <!-- mainPackage.RunnerClass -->
