<?xml version="1.0" encoding="UTF-8"?>
<!-- Generated by org.testng.reporters.JUnitReportReporter -->
<testsuite hostname="LPDEV01" failures="0" tests="4" name="mainPackage.RunnerClass" time="137.338" errors="0" timestamp="2024-06-20T12:19:41 IST" skipped="0">
  <testcase classname="mainPackage.RunnerClass" name="testMethod" time="34.389"/>
  <system-out/>
  <testcase classname="mainPackage.RunnerClass" name="testMethod" time="34.123"/>
  <system-out/>
  <testcase classname="mainPackage.RunnerClass" name="testMethod" time="34.118"/>
  <system-out/>
  <testcase classname="mainPackage.RunnerClass" name="testMethod" time="34.708"/>
  <system-out/>
</testsuite> <!-- mainPackage.RunnerClass -->
