<?xml version="1.0" encoding="UTF-8"?>
<!-- Generated by org.testng.reporters.JUnitReportReporter -->
<testsuite hostname="LPDEV01" failures="0" tests="2" name="mainPackage.RunnerClass" time="97.909" errors="0" timestamp="2024-02-22T17:06:01 IST" skipped="0">
  <testcase classname="mainPackage.RunnerClass" name="testMethod" time="49.489"/>
  <system-out/>
  <testcase classname="mainPackage.RunnerClass" name="testMethod" time="48.420"/>
  <system-out/>
</testsuite> <!-- mainPackage.RunnerClass -->
