<?xml version="1.0" encoding="UTF-8"?>
<!-- Generated by org.testng.reporters.JUnitReportReporter -->
<testsuite hostname="LPDEV01" failures="0" tests="2" name="mainPackage.RunnerClass" time="93.404" errors="0" timestamp="2024-02-09T18:24:24 IST" skipped="0">
  <testcase classname="mainPackage.RunnerClass" name="testMethod" time="46.918"/>
  <system-out/>
  <testcase classname="mainPackage.RunnerClass" name="testMethod" time="46.486"/>
  <system-out/>
</testsuite> <!-- mainPackage.RunnerClass -->
