<?xml version="1.0" encoding="UTF-8"?>
<!-- Generated by org.testng.reporters.JUnitReportReporter -->
<testsuite hostname="LPDEV01" failures="0" tests="1262" name="mainPackage.RunnerClass" time="59725.473" errors="0" timestamp="2024-02-20T21:43:23 IST" skipped="0">
  <testcase classname="mainPackage.RunnerClass" name="testMethod" time="47.411"/>
  <system-out/>
  <testcase classname="mainPackage.RunnerClass" name="testMethod" time="45.375"/>
  <system-out/>
  <testcase classname="mainPackage.RunnerClass" name="testMethod" time="46.516"/>
  <system-out/>
  <testcase classname="mainPackage.RunnerClass" name="testMethod" time="49.665"/>
  <system-out/>
  <testcase classname="mainPackage.RunnerClass" name="testMethod" time="45.518"/>
  <system-out/>
  <testcase classname="mainPackage.RunnerClass" name="testMethod" time="44.540"/>
  <system-out/>
  <testcase classname="mainPackage.RunnerClass" name="testMethod" time="48.315"/>
  <system-out/>
  <testcase classname="mainPackage.RunnerClass" name="testMethod" time="46.548"/>
  <system-out/>
  <testcase classname="mainPackage.RunnerClass" name="testMethod" time="43.520"/>
  <system-out/>
  <testcase classname="mainPackage.RunnerClass" name="testMethod" time="48.586"/>
  <system-out/>
  <testcase classname="mainPackage.RunnerClass" name="testMethod" time="49.870"/>
  <system-out/>
  <testcase classname="mainPackage.RunnerClass" name="testMethod" time="45.296"/>
  <system-out/>
  <testcase classname="mainPackage.RunnerClass" name="testMethod" time="43.344"/>
  <system-out/>
  <testcase classname="mainPackage.RunnerClass" name="testMethod" time="50.568"/>
  <system-out/>
  <testcase classname="mainPackage.RunnerClass" name="testMethod" time="50.048"/>
  <system-out/>
  <testcase classname="mainPackage.RunnerClass" name="testMethod" time="45.646"/>
  <system-out/>
  <testcase classname="mainPackage.RunnerClass" name="testMethod" time="58.216"/>
  <system-out/>
  <testcase classname="mainPackage.RunnerClass" name="testMethod" time="44.471"/>
  <system-out/>
  <testcase classname="mainPackage.RunnerClass" name="testMethod" time="46.659"/>
  <system-out/>
  <testcase classname="mainPackage.RunnerClass" name="testMethod" time="47.188"/>
  <system-out/>
  <testcase classname="mainPackage.RunnerClass" name="testMethod" time="44.877"/>
  <system-out/>
  <testcase classname="mainPackage.RunnerClass" name="testMethod" time="44.831"/>
  <system-out/>
  <testcase classname="mainPackage.RunnerClass" name="testMethod" time="44.984"/>
  <system-out/>
  <testcase classname="mainPackage.RunnerClass" name="testMethod" time="48.998"/>
  <system-out/>
  <testcase classname="mainPackage.RunnerClass" name="testMethod" time="45.431"/>
  <system-out/>
  <testcase classname="mainPackage.RunnerClass" name="testMethod" time="60.106"/>
  <system-out/>
  <testcase classname="mainPackage.RunnerClass" name="testMethod" time="48.186"/>
  <system-out/>
  <testcase classname="mainPackage.RunnerClass" name="testMethod" time="43.114"/>
  <system-out/>
  <testcase classname="mainPackage.RunnerClass" name="testMethod" time="43.885"/>
  <system-out/>
  <testcase classname="mainPackage.RunnerClass" name="testMethod" time="43.986"/>
  <system-out/>
  <testcase classname="mainPackage.RunnerClass" name="testMethod" time="44.258"/>
  <system-out/>
  <testcase classname="mainPackage.RunnerClass" name="testMethod" time="38.535"/>
  <system-out/>
  <testcase classname="mainPackage.RunnerClass" name="testMethod" time="44.170"/>
  <system-out/>
  <testcase classname="mainPackage.RunnerClass" name="testMethod" time="44.544"/>
  <system-out/>
  <testcase classname="mainPackage.RunnerClass" name="testMethod" time="44.671"/>
  <system-out/>
  <testcase classname="mainPackage.RunnerClass" name="testMethod" time="45.401"/>
  <system-out/>
  <testcase classname="mainPackage.RunnerClass" name="testMethod" time="44.841"/>
  <system-out/>
  <testcase classname="mainPackage.RunnerClass" name="testMethod" time="44.604"/>
  <system-out/>
  <testcase classname="mainPackage.RunnerClass" name="testMethod" time="47.595"/>
  <system-out/>
  <testcase classname="mainPackage.RunnerClass" name="testMethod" time="46.370"/>
  <system-out/>
  <testcase classname="mainPackage.RunnerClass" name="testMethod" time="43.697"/>
  <system-out/>
  <testcase classname="mainPackage.RunnerClass" name="testMethod" time="44.256"/>
  <system-out/>
  <testcase classname="mainPackage.RunnerClass" name="testMethod" time="43.137"/>
  <system-out/>
  <testcase classname="mainPackage.RunnerClass" name="testMethod" time="44.778"/>
  <system-out/>
  <testcase classname="mainPackage.RunnerClass" name="testMethod" time="45.268"/>
  <system-out/>
  <testcase classname="mainPackage.RunnerClass" name="testMethod" time="48.693"/>
  <system-out/>
  <testcase classname="mainPackage.RunnerClass" name="testMethod" time="44.010"/>
  <system-out/>
  <testcase classname="mainPackage.RunnerClass" name="testMethod" time="44.958"/>
  <system-out/>
  <testcase classname="mainPackage.RunnerClass" name="testMethod" time="48.664"/>
  <system-out/>
  <testcase classname="mainPackage.RunnerClass" name="testMethod" time="49.603"/>
  <system-out/>
  <testcase classname="mainPackage.RunnerClass" name="testMethod" time="45.387"/>
  <system-out/>
  <testcase classname="mainPackage.RunnerClass" name="testMethod" time="43.798"/>
  <system-out/>
  <testcase classname="mainPackage.RunnerClass" name="testMethod" time="52.785"/>
  <system-out/>
  <testcase classname="mainPackage.RunnerClass" name="testMethod" time="44.840"/>
  <system-out/>
  <testcase classname="mainPackage.RunnerClass" name="testMethod" time="44.442"/>
  <system-out/>
  <testcase classname="mainPackage.RunnerClass" name="testMethod" time="51.559"/>
  <system-out/>
  <testcase classname="mainPackage.RunnerClass" name="testMethod" time="44.602"/>
  <system-out/>
  <testcase classname="mainPackage.RunnerClass" name="testMethod" time="45.309"/>
  <system-out/>
  <testcase classname="mainPackage.RunnerClass" name="testMethod" time="44.758"/>
  <system-out/>
  <testcase classname="mainPackage.RunnerClass" name="testMethod" time="46.626"/>
  <system-out/>
  <testcase classname="mainPackage.RunnerClass" name="testMethod" time="59.465"/>
  <system-out/>
  <testcase classname="mainPackage.RunnerClass" name="testMethod" time="45.536"/>
  <system-out/>
  <testcase classname="mainPackage.RunnerClass" name="testMethod" time="45.609"/>
  <system-out/>
  <testcase classname="mainPackage.RunnerClass" name="testMethod" time="45.324"/>
  <system-out/>
  <testcase classname="mainPackage.RunnerClass" name="testMethod" time="44.812"/>
  <system-out/>
  <testcase classname="mainPackage.RunnerClass" name="testMethod" time="37.532"/>
  <system-out/>
  <testcase classname="mainPackage.RunnerClass" name="testMethod" time="47.344"/>
  <system-out/>
  <testcase classname="mainPackage.RunnerClass" name="testMethod" time="44.556"/>
  <system-out/>
  <testcase classname="mainPackage.RunnerClass" name="testMethod" time="46.117"/>
  <system-out/>
  <testcase classname="mainPackage.RunnerClass" name="testMethod" time="45.143"/>
  <system-out/>
  <testcase classname="mainPackage.RunnerClass" name="testMethod" time="45.281"/>
  <system-out/>
  <testcase classname="mainPackage.RunnerClass" name="testMethod" time="54.895"/>
  <system-out/>
  <testcase classname="mainPackage.RunnerClass" name="testMethod" time="54.800"/>
  <system-out/>
  <testcase classname="mainPackage.RunnerClass" name="testMethod" time="44.022"/>
  <system-out/>
  <testcase classname="mainPackage.RunnerClass" name="testMethod" time="50.194"/>
  <system-out/>
  <testcase classname="mainPackage.RunnerClass" name="testMethod" time="45.855"/>
  <system-out/>
  <testcase classname="mainPackage.RunnerClass" name="testMethod" time="47.784"/>
  <system-out/>
  <testcase classname="mainPackage.RunnerClass" name="testMethod" time="64.511"/>
  <system-out/>
  <testcase classname="mainPackage.RunnerClass" name="testMethod" time="47.231"/>
  <system-out/>
  <testcase classname="mainPackage.RunnerClass" name="testMethod" time="48.706"/>
  <system-out/>
  <testcase classname="mainPackage.RunnerClass" name="testMethod" time="47.120"/>
  <system-out/>
  <testcase classname="mainPackage.RunnerClass" name="testMethod" time="52.009"/>
  <system-out/>
  <testcase classname="mainPackage.RunnerClass" name="testMethod" time="45.303"/>
  <system-out/>
  <testcase classname="mainPackage.RunnerClass" name="testMethod" time="46.257"/>
  <system-out/>
  <testcase classname="mainPackage.RunnerClass" name="testMethod" time="55.842"/>
  <system-out/>
  <testcase classname="mainPackage.RunnerClass" name="testMethod" time="44.743"/>
  <system-out/>
  <testcase classname="mainPackage.RunnerClass" name="testMethod" time="47.686"/>
  <system-out/>
  <testcase classname="mainPackage.RunnerClass" name="testMethod" time="48.865"/>
  <system-out/>
  <testcase classname="mainPackage.RunnerClass" name="testMethod" time="50.417"/>
  <system-out/>
  <testcase classname="mainPackage.RunnerClass" name="testMethod" time="43.610"/>
  <system-out/>
  <testcase classname="mainPackage.RunnerClass" name="testMethod" time="44.950"/>
  <system-out/>
  <testcase classname="mainPackage.RunnerClass" name="testMethod" time="45.367"/>
  <system-out/>
  <testcase classname="mainPackage.RunnerClass" name="testMethod" time="37.072"/>
  <system-out/>
  <testcase classname="mainPackage.RunnerClass" name="testMethod" time="44.648"/>
  <system-out/>
  <testcase classname="mainPackage.RunnerClass" name="testMethod" time="46.199"/>
  <system-out/>
  <testcase classname="mainPackage.RunnerClass" name="testMethod" time="46.295"/>
  <system-out/>
  <testcase classname="mainPackage.RunnerClass" name="testMethod" time="48.585"/>
  <system-out/>
  <testcase classname="mainPackage.RunnerClass" name="testMethod" time="48.784"/>
  <system-out/>
  <testcase classname="mainPackage.RunnerClass" name="testMethod" time="46.119"/>
  <system-out/>
  <testcase classname="mainPackage.RunnerClass" name="testMethod" time="46.003"/>
  <system-out/>
  <testcase classname="mainPackage.RunnerClass" name="testMethod" time="46.339"/>
  <system-out/>
  <testcase classname="mainPackage.RunnerClass" name="testMethod" time="44.737"/>
  <system-out/>
  <testcase classname="mainPackage.RunnerClass" name="testMethod" time="50.069"/>
  <system-out/>
  <testcase classname="mainPackage.RunnerClass" name="testMethod" time="50.223"/>
  <system-out/>
  <testcase classname="mainPackage.RunnerClass" name="testMethod" time="56.382"/>
  <system-out/>
  <testcase classname="mainPackage.RunnerClass" name="testMethod" time="45.757"/>
  <system-out/>
  <testcase classname="mainPackage.RunnerClass" name="testMethod" time="45.560"/>
  <system-out/>
  <testcase classname="mainPackage.RunnerClass" name="testMethod" time="45.118"/>
  <system-out/>
  <testcase classname="mainPackage.RunnerClass" name="testMethod" time="50.549"/>
  <system-out/>
  <testcase classname="mainPackage.RunnerClass" name="testMethod" time="43.825"/>
  <system-out/>
  <testcase classname="mainPackage.RunnerClass" name="testMethod" time="50.134"/>
  <system-out/>
  <testcase classname="mainPackage.RunnerClass" name="testMethod" time="45.895"/>
  <system-out/>
  <testcase classname="mainPackage.RunnerClass" name="testMethod" time="44.818"/>
  <system-out/>
  <testcase classname="mainPackage.RunnerClass" name="testMethod" time="45.739"/>
  <system-out/>
  <testcase classname="mainPackage.RunnerClass" name="testMethod" time="50.182"/>
  <system-out/>
  <testcase classname="mainPackage.RunnerClass" name="testMethod" time="43.836"/>
  <system-out/>
  <testcase classname="mainPackage.RunnerClass" name="testMethod" time="48.427"/>
  <system-out/>
  <testcase classname="mainPackage.RunnerClass" name="testMethod" time="48.257"/>
  <system-out/>
  <testcase classname="mainPackage.RunnerClass" name="testMethod" time="44.998"/>
  <system-out/>
  <testcase classname="mainPackage.RunnerClass" name="testMethod" time="45.994"/>
  <system-out/>
  <testcase classname="mainPackage.RunnerClass" name="testMethod" time="42.865"/>
  <system-out/>
  <testcase classname="mainPackage.RunnerClass" name="testMethod" time="46.087"/>
  <system-out/>
  <testcase classname="mainPackage.RunnerClass" name="testMethod" time="47.318"/>
  <system-out/>
  <testcase classname="mainPackage.RunnerClass" name="testMethod" time="52.508"/>
  <system-out/>
  <testcase classname="mainPackage.RunnerClass" name="testMethod" time="43.652"/>
  <system-out/>
  <testcase classname="mainPackage.RunnerClass" name="testMethod" time="43.388"/>
  <system-out/>
  <testcase classname="mainPackage.RunnerClass" name="testMethod" time="45.566"/>
  <system-out/>
  <testcase classname="mainPackage.RunnerClass" name="testMethod" time="45.631"/>
  <system-out/>
  <testcase classname="mainPackage.RunnerClass" name="testMethod" time="54.430"/>
  <system-out/>
  <testcase classname="mainPackage.RunnerClass" name="testMethod" time="48.607"/>
  <system-out/>
  <testcase classname="mainPackage.RunnerClass" name="testMethod" time="46.533"/>
  <system-out/>
  <testcase classname="mainPackage.RunnerClass" name="testMethod" time="45.291"/>
  <system-out/>
  <testcase classname="mainPackage.RunnerClass" name="testMethod" time="38.735"/>
  <system-out/>
  <testcase classname="mainPackage.RunnerClass" name="testMethod" time="45.060"/>
  <system-out/>
  <testcase classname="mainPackage.RunnerClass" name="testMethod" time="49.997"/>
  <system-out/>
  <testcase classname="mainPackage.RunnerClass" name="testMethod" time="55.939"/>
  <system-out/>
  <testcase classname="mainPackage.RunnerClass" name="testMethod" time="45.590"/>
  <system-out/>
  <testcase classname="mainPackage.RunnerClass" name="testMethod" time="45.541"/>
  <system-out/>
  <testcase classname="mainPackage.RunnerClass" name="testMethod" time="56.880"/>
  <system-out/>
  <testcase classname="mainPackage.RunnerClass" name="testMethod" time="43.754"/>
  <system-out/>
  <testcase classname="mainPackage.RunnerClass" name="testMethod" time="47.735"/>
  <system-out/>
  <testcase classname="mainPackage.RunnerClass" name="testMethod" time="48.190"/>
  <system-out/>
  <testcase classname="mainPackage.RunnerClass" name="testMethod" time="53.870"/>
  <system-out/>
  <testcase classname="mainPackage.RunnerClass" name="testMethod" time="47.563"/>
  <system-out/>
  <testcase classname="mainPackage.RunnerClass" name="testMethod" time="45.421"/>
  <system-out/>
  <testcase classname="mainPackage.RunnerClass" name="testMethod" time="54.851"/>
  <system-out/>
  <testcase classname="mainPackage.RunnerClass" name="testMethod" time="43.556"/>
  <system-out/>
  <testcase classname="mainPackage.RunnerClass" name="testMethod" time="44.631"/>
  <system-out/>
  <testcase classname="mainPackage.RunnerClass" name="testMethod" time="48.388"/>
  <system-out/>
  <testcase classname="mainPackage.RunnerClass" name="testMethod" time="44.253"/>
  <system-out/>
  <testcase classname="mainPackage.RunnerClass" name="testMethod" time="49.660"/>
  <system-out/>
  <testcase classname="mainPackage.RunnerClass" name="testMethod" time="45.702"/>
  <system-out/>
  <testcase classname="mainPackage.RunnerClass" name="testMethod" time="45.629"/>
  <system-out/>
  <testcase classname="mainPackage.RunnerClass" name="testMethod" time="43.175"/>
  <system-out/>
  <testcase classname="mainPackage.RunnerClass" name="testMethod" time="46.165"/>
  <system-out/>
  <testcase classname="mainPackage.RunnerClass" name="testMethod" time="44.878"/>
  <system-out/>
  <testcase classname="mainPackage.RunnerClass" name="testMethod" time="46.505"/>
  <system-out/>
  <testcase classname="mainPackage.RunnerClass" name="testMethod" time="46.486"/>
  <system-out/>
  <testcase classname="mainPackage.RunnerClass" name="testMethod" time="43.135"/>
  <system-out/>
  <testcase classname="mainPackage.RunnerClass" name="testMethod" time="49.776"/>
  <system-out/>
  <testcase classname="mainPackage.RunnerClass" name="testMethod" time="45.932"/>
  <system-out/>
  <testcase classname="mainPackage.RunnerClass" name="testMethod" time="48.030"/>
  <system-out/>
  <testcase classname="mainPackage.RunnerClass" name="testMethod" time="44.654"/>
  <system-out/>
  <testcase classname="mainPackage.RunnerClass" name="testMethod" time="47.790"/>
  <system-out/>
  <testcase classname="mainPackage.RunnerClass" name="testMethod" time="45.005"/>
  <system-out/>
  <testcase classname="mainPackage.RunnerClass" name="testMethod" time="46.791"/>
  <system-out/>
  <testcase classname="mainPackage.RunnerClass" name="testMethod" time="45.700"/>
  <system-out/>
  <testcase classname="mainPackage.RunnerClass" name="testMethod" time="44.731"/>
  <system-out/>
  <testcase classname="mainPackage.RunnerClass" name="testMethod" time="46.521"/>
  <system-out/>
  <testcase classname="mainPackage.RunnerClass" name="testMethod" time="51.178"/>
  <system-out/>
  <testcase classname="mainPackage.RunnerClass" name="testMethod" time="60.825"/>
  <system-out/>
  <testcase classname="mainPackage.RunnerClass" name="testMethod" time="43.602"/>
  <system-out/>
  <testcase classname="mainPackage.RunnerClass" name="testMethod" time="50.949"/>
  <system-out/>
  <testcase classname="mainPackage.RunnerClass" name="testMethod" time="49.716"/>
  <system-out/>
  <testcase classname="mainPackage.RunnerClass" name="testMethod" time="50.910"/>
  <system-out/>
  <testcase classname="mainPackage.RunnerClass" name="testMethod" time="48.417"/>
  <system-out/>
  <testcase classname="mainPackage.RunnerClass" name="testMethod" time="49.917"/>
  <system-out/>
  <testcase classname="mainPackage.RunnerClass" name="testMethod" time="59.914"/>
  <system-out/>
  <testcase classname="mainPackage.RunnerClass" name="testMethod" time="45.348"/>
  <system-out/>
  <testcase classname="mainPackage.RunnerClass" name="testMethod" time="44.527"/>
  <system-out/>
  <testcase classname="mainPackage.RunnerClass" name="testMethod" time="56.191"/>
  <system-out/>
  <testcase classname="mainPackage.RunnerClass" name="testMethod" time="48.096"/>
  <system-out/>
  <testcase classname="mainPackage.RunnerClass" name="testMethod" time="45.768"/>
  <system-out/>
  <testcase classname="mainPackage.RunnerClass" name="testMethod" time="55.669"/>
  <system-out/>
  <testcase classname="mainPackage.RunnerClass" name="testMethod" time="63.557"/>
  <system-out/>
  <testcase classname="mainPackage.RunnerClass" name="testMethod" time="45.276"/>
  <system-out/>
  <testcase classname="mainPackage.RunnerClass" name="testMethod" time="59.873"/>
  <system-out/>
  <testcase classname="mainPackage.RunnerClass" name="testMethod" time="47.825"/>
  <system-out/>
  <testcase classname="mainPackage.RunnerClass" name="testMethod" time="44.444"/>
  <system-out/>
  <testcase classname="mainPackage.RunnerClass" name="testMethod" time="62.762"/>
  <system-out/>
  <testcase classname="mainPackage.RunnerClass" name="testMethod" time="55.053"/>
  <system-out/>
  <testcase classname="mainPackage.RunnerClass" name="testMethod" time="46.313"/>
  <system-out/>
  <testcase classname="mainPackage.RunnerClass" name="testMethod" time="47.815"/>
  <system-out/>
  <testcase classname="mainPackage.RunnerClass" name="testMethod" time="45.105"/>
  <system-out/>
  <testcase classname="mainPackage.RunnerClass" name="testMethod" time="44.453"/>
  <system-out/>
  <testcase classname="mainPackage.RunnerClass" name="testMethod" time="45.214"/>
  <system-out/>
  <testcase classname="mainPackage.RunnerClass" name="testMethod" time="45.967"/>
  <system-out/>
  <testcase classname="mainPackage.RunnerClass" name="testMethod" time="43.758"/>
  <system-out/>
  <testcase classname="mainPackage.RunnerClass" name="testMethod" time="52.511"/>
  <system-out/>
  <testcase classname="mainPackage.RunnerClass" name="testMethod" time="45.766"/>
  <system-out/>
  <testcase classname="mainPackage.RunnerClass" name="testMethod" time="44.899"/>
  <system-out/>
  <testcase classname="mainPackage.RunnerClass" name="testMethod" time="51.133"/>
  <system-out/>
  <testcase classname="mainPackage.RunnerClass" name="testMethod" time="44.732"/>
  <system-out/>
  <testcase classname="mainPackage.RunnerClass" name="testMethod" time="47.180"/>
  <system-out/>
  <testcase classname="mainPackage.RunnerClass" name="testMethod" time="52.664"/>
  <system-out/>
  <testcase classname="mainPackage.RunnerClass" name="testMethod" time="44.374"/>
  <system-out/>
  <testcase classname="mainPackage.RunnerClass" name="testMethod" time="45.923"/>
  <system-out/>
  <testcase classname="mainPackage.RunnerClass" name="testMethod" time="45.800"/>
  <system-out/>
  <testcase classname="mainPackage.RunnerClass" name="testMethod" time="47.707"/>
  <system-out/>
  <testcase classname="mainPackage.RunnerClass" name="testMethod" time="43.668"/>
  <system-out/>
  <testcase classname="mainPackage.RunnerClass" name="testMethod" time="46.376"/>
  <system-out/>
  <testcase classname="mainPackage.RunnerClass" name="testMethod" time="44.564"/>
  <system-out/>
  <testcase classname="mainPackage.RunnerClass" name="testMethod" time="45.773"/>
  <system-out/>
  <testcase classname="mainPackage.RunnerClass" name="testMethod" time="50.961"/>
  <system-out/>
  <testcase classname="mainPackage.RunnerClass" name="testMethod" time="46.661"/>
  <system-out/>
  <testcase classname="mainPackage.RunnerClass" name="testMethod" time="45.495"/>
  <system-out/>
  <testcase classname="mainPackage.RunnerClass" name="testMethod" time="47.655"/>
  <system-out/>
  <testcase classname="mainPackage.RunnerClass" name="testMethod" time="48.594"/>
  <system-out/>
  <testcase classname="mainPackage.RunnerClass" name="testMethod" time="45.115"/>
  <system-out/>
  <testcase classname="mainPackage.RunnerClass" name="testMethod" time="46.447"/>
  <system-out/>
  <testcase classname="mainPackage.RunnerClass" name="testMethod" time="43.898"/>
  <system-out/>
  <testcase classname="mainPackage.RunnerClass" name="testMethod" time="45.920"/>
  <system-out/>
  <testcase classname="mainPackage.RunnerClass" name="testMethod" time="50.446"/>
  <system-out/>
  <testcase classname="mainPackage.RunnerClass" name="testMethod" time="45.884"/>
  <system-out/>
  <testcase classname="mainPackage.RunnerClass" name="testMethod" time="44.327"/>
  <system-out/>
  <testcase classname="mainPackage.RunnerClass" name="testMethod" time="45.236"/>
  <system-out/>
  <testcase classname="mainPackage.RunnerClass" name="testMethod" time="45.067"/>
  <system-out/>
  <testcase classname="mainPackage.RunnerClass" name="testMethod" time="45.129"/>
  <system-out/>
  <testcase classname="mainPackage.RunnerClass" name="testMethod" time="46.959"/>
  <system-out/>
  <testcase classname="mainPackage.RunnerClass" name="testMethod" time="51.065"/>
  <system-out/>
  <testcase classname="mainPackage.RunnerClass" name="testMethod" time="44.870"/>
  <system-out/>
  <testcase classname="mainPackage.RunnerClass" name="testMethod" time="43.961"/>
  <system-out/>
  <testcase classname="mainPackage.RunnerClass" name="testMethod" time="44.527"/>
  <system-out/>
  <testcase classname="mainPackage.RunnerClass" name="testMethod" time="43.075"/>
  <system-out/>
  <testcase classname="mainPackage.RunnerClass" name="testMethod" time="44.131"/>
  <system-out/>
  <testcase classname="mainPackage.RunnerClass" name="testMethod" time="43.259"/>
  <system-out/>
  <testcase classname="mainPackage.RunnerClass" name="testMethod" time="45.515"/>
  <system-out/>
  <testcase classname="mainPackage.RunnerClass" name="testMethod" time="45.054"/>
  <system-out/>
  <testcase classname="mainPackage.RunnerClass" name="testMethod" time="50.982"/>
  <system-out/>
  <testcase classname="mainPackage.RunnerClass" name="testMethod" time="44.873"/>
  <system-out/>
  <testcase classname="mainPackage.RunnerClass" name="testMethod" time="50.545"/>
  <system-out/>
  <testcase classname="mainPackage.RunnerClass" name="testMethod" time="45.045"/>
  <system-out/>
  <testcase classname="mainPackage.RunnerClass" name="testMethod" time="45.274"/>
  <system-out/>
  <testcase classname="mainPackage.RunnerClass" name="testMethod" time="43.048"/>
  <system-out/>
  <testcase classname="mainPackage.RunnerClass" name="testMethod" time="64.348"/>
  <system-out/>
  <testcase classname="mainPackage.RunnerClass" name="testMethod" time="50.156"/>
  <system-out/>
  <testcase classname="mainPackage.RunnerClass" name="testMethod" time="49.594"/>
  <system-out/>
  <testcase classname="mainPackage.RunnerClass" name="testMethod" time="44.504"/>
  <system-out/>
  <testcase classname="mainPackage.RunnerClass" name="testMethod" time="43.097"/>
  <system-out/>
  <testcase classname="mainPackage.RunnerClass" name="testMethod" time="46.885"/>
  <system-out/>
  <testcase classname="mainPackage.RunnerClass" name="testMethod" time="42.901"/>
  <system-out/>
  <testcase classname="mainPackage.RunnerClass" name="testMethod" time="46.559"/>
  <system-out/>
  <testcase classname="mainPackage.RunnerClass" name="testMethod" time="45.407"/>
  <system-out/>
  <testcase classname="mainPackage.RunnerClass" name="testMethod" time="48.952"/>
  <system-out/>
  <testcase classname="mainPackage.RunnerClass" name="testMethod" time="47.889"/>
  <system-out/>
  <testcase classname="mainPackage.RunnerClass" name="testMethod" time="57.876"/>
  <system-out/>
  <testcase classname="mainPackage.RunnerClass" name="testMethod" time="45.167"/>
  <system-out/>
  <testcase classname="mainPackage.RunnerClass" name="testMethod" time="45.769"/>
  <system-out/>
  <testcase classname="mainPackage.RunnerClass" name="testMethod" time="45.763"/>
  <system-out/>
  <testcase classname="mainPackage.RunnerClass" name="testMethod" time="50.495"/>
  <system-out/>
  <testcase classname="mainPackage.RunnerClass" name="testMethod" time="50.840"/>
  <system-out/>
  <testcase classname="mainPackage.RunnerClass" name="testMethod" time="45.791"/>
  <system-out/>
  <testcase classname="mainPackage.RunnerClass" name="testMethod" time="38.137"/>
  <system-out/>
  <testcase classname="mainPackage.RunnerClass" name="testMethod" time="45.333"/>
  <system-out/>
  <testcase classname="mainPackage.RunnerClass" name="testMethod" time="58.005"/>
  <system-out/>
  <testcase classname="mainPackage.RunnerClass" name="testMethod" time="46.650"/>
  <system-out/>
  <testcase classname="mainPackage.RunnerClass" name="testMethod" time="43.432"/>
  <system-out/>
  <testcase classname="mainPackage.RunnerClass" name="testMethod" time="44.079"/>
  <system-out/>
  <testcase classname="mainPackage.RunnerClass" name="testMethod" time="49.748"/>
  <system-out/>
  <testcase classname="mainPackage.RunnerClass" name="testMethod" time="48.130"/>
  <system-out/>
  <testcase classname="mainPackage.RunnerClass" name="testMethod" time="49.902"/>
  <system-out/>
  <testcase classname="mainPackage.RunnerClass" name="testMethod" time="45.085"/>
  <system-out/>
  <testcase classname="mainPackage.RunnerClass" name="testMethod" time="49.929"/>
  <system-out/>
  <testcase classname="mainPackage.RunnerClass" name="testMethod" time="54.888"/>
  <system-out/>
  <testcase classname="mainPackage.RunnerClass" name="testMethod" time="45.430"/>
  <system-out/>
  <testcase classname="mainPackage.RunnerClass" name="testMethod" time="48.005"/>
  <system-out/>
  <testcase classname="mainPackage.RunnerClass" name="testMethod" time="46.455"/>
  <system-out/>
  <testcase classname="mainPackage.RunnerClass" name="testMethod" time="51.623"/>
  <system-out/>
  <testcase classname="mainPackage.RunnerClass" name="testMethod" time="44.340"/>
  <system-out/>
  <testcase classname="mainPackage.RunnerClass" name="testMethod" time="49.494"/>
  <system-out/>
  <testcase classname="mainPackage.RunnerClass" name="testMethod" time="43.870"/>
  <system-out/>
  <testcase classname="mainPackage.RunnerClass" name="testMethod" time="37.182"/>
  <system-out/>
  <testcase classname="mainPackage.RunnerClass" name="testMethod" time="44.365"/>
  <system-out/>
  <testcase classname="mainPackage.RunnerClass" name="testMethod" time="45.966"/>
  <system-out/>
  <testcase classname="mainPackage.RunnerClass" name="testMethod" time="47.356"/>
  <system-out/>
  <testcase classname="mainPackage.RunnerClass" name="testMethod" time="46.979"/>
  <system-out/>
  <testcase classname="mainPackage.RunnerClass" name="testMethod" time="50.477"/>
  <system-out/>
  <testcase classname="mainPackage.RunnerClass" name="testMethod" time="49.694"/>
  <system-out/>
  <testcase classname="mainPackage.RunnerClass" name="testMethod" time="44.906"/>
  <system-out/>
  <testcase classname="mainPackage.RunnerClass" name="testMethod" time="43.819"/>
  <system-out/>
  <testcase classname="mainPackage.RunnerClass" name="testMethod" time="46.637"/>
  <system-out/>
  <testcase classname="mainPackage.RunnerClass" name="testMethod" time="45.370"/>
  <system-out/>
  <testcase classname="mainPackage.RunnerClass" name="testMethod" time="45.630"/>
  <system-out/>
  <testcase classname="mainPackage.RunnerClass" name="testMethod" time="44.309"/>
  <system-out/>
  <testcase classname="mainPackage.RunnerClass" name="testMethod" time="44.595"/>
  <system-out/>
  <testcase classname="mainPackage.RunnerClass" name="testMethod" time="45.911"/>
  <system-out/>
  <testcase classname="mainPackage.RunnerClass" name="testMethod" time="44.464"/>
  <system-out/>
  <testcase classname="mainPackage.RunnerClass" name="testMethod" time="48.301"/>
  <system-out/>
  <testcase classname="mainPackage.RunnerClass" name="testMethod" time="59.360"/>
  <system-out/>
  <testcase classname="mainPackage.RunnerClass" name="testMethod" time="46.222"/>
  <system-out/>
  <testcase classname="mainPackage.RunnerClass" name="testMethod" time="45.365"/>
  <system-out/>
  <testcase classname="mainPackage.RunnerClass" name="testMethod" time="47.730"/>
  <system-out/>
  <testcase classname="mainPackage.RunnerClass" name="testMethod" time="49.718"/>
  <system-out/>
  <testcase classname="mainPackage.RunnerClass" name="testMethod" time="48.912"/>
  <system-out/>
  <testcase classname="mainPackage.RunnerClass" name="testMethod" time="51.881"/>
  <system-out/>
  <testcase classname="mainPackage.RunnerClass" name="testMethod" time="48.584"/>
  <system-out/>
  <testcase classname="mainPackage.RunnerClass" name="testMethod" time="43.256"/>
  <system-out/>
  <testcase classname="mainPackage.RunnerClass" name="testMethod" time="65.187"/>
  <system-out/>
  <testcase classname="mainPackage.RunnerClass" name="testMethod" time="44.085"/>
  <system-out/>
  <testcase classname="mainPackage.RunnerClass" name="testMethod" time="48.198"/>
  <system-out/>
  <testcase classname="mainPackage.RunnerClass" name="testMethod" time="48.520"/>
  <system-out/>
  <testcase classname="mainPackage.RunnerClass" name="testMethod" time="44.648"/>
  <system-out/>
  <testcase classname="mainPackage.RunnerClass" name="testMethod" time="49.361"/>
  <system-out/>
  <testcase classname="mainPackage.RunnerClass" name="testMethod" time="48.703"/>
  <system-out/>
  <testcase classname="mainPackage.RunnerClass" name="testMethod" time="36.518"/>
  <system-out/>
  <testcase classname="mainPackage.RunnerClass" name="testMethod" time="47.553"/>
  <system-out/>
  <testcase classname="mainPackage.RunnerClass" name="testMethod" time="57.051"/>
  <system-out/>
  <testcase classname="mainPackage.RunnerClass" name="testMethod" time="46.417"/>
  <system-out/>
  <testcase classname="mainPackage.RunnerClass" name="testMethod" time="47.562"/>
  <system-out/>
  <testcase classname="mainPackage.RunnerClass" name="testMethod" time="43.286"/>
  <system-out/>
  <testcase classname="mainPackage.RunnerClass" name="testMethod" time="43.872"/>
  <system-out/>
  <testcase classname="mainPackage.RunnerClass" name="testMethod" time="45.167"/>
  <system-out/>
  <testcase classname="mainPackage.RunnerClass" name="testMethod" time="46.465"/>
  <system-out/>
  <testcase classname="mainPackage.RunnerClass" name="testMethod" time="54.895"/>
  <system-out/>
  <testcase classname="mainPackage.RunnerClass" name="testMethod" time="44.741"/>
  <system-out/>
  <testcase classname="mainPackage.RunnerClass" name="testMethod" time="43.977"/>
  <system-out/>
  <testcase classname="mainPackage.RunnerClass" name="testMethod" time="45.632"/>
  <system-out/>
  <testcase classname="mainPackage.RunnerClass" name="testMethod" time="49.194"/>
  <system-out/>
  <testcase classname="mainPackage.RunnerClass" name="testMethod" time="44.294"/>
  <system-out/>
  <testcase classname="mainPackage.RunnerClass" name="testMethod" time="58.357"/>
  <system-out/>
  <testcase classname="mainPackage.RunnerClass" name="testMethod" time="45.663"/>
  <system-out/>
  <testcase classname="mainPackage.RunnerClass" name="testMethod" time="47.106"/>
  <system-out/>
  <testcase classname="mainPackage.RunnerClass" name="testMethod" time="58.201"/>
  <system-out/>
  <testcase classname="mainPackage.RunnerClass" name="testMethod" time="55.216"/>
  <system-out/>
  <testcase classname="mainPackage.RunnerClass" name="testMethod" time="45.020"/>
  <system-out/>
  <testcase classname="mainPackage.RunnerClass" name="testMethod" time="42.939"/>
  <system-out/>
  <testcase classname="mainPackage.RunnerClass" name="testMethod" time="47.221"/>
  <system-out/>
  <testcase classname="mainPackage.RunnerClass" name="testMethod" time="50.117"/>
  <system-out/>
  <testcase classname="mainPackage.RunnerClass" name="testMethod" time="48.314"/>
  <system-out/>
  <testcase classname="mainPackage.RunnerClass" name="testMethod" time="44.848"/>
  <system-out/>
  <testcase classname="mainPackage.RunnerClass" name="testMethod" time="43.965"/>
  <system-out/>
  <testcase classname="mainPackage.RunnerClass" name="testMethod" time="47.127"/>
  <system-out/>
  <testcase classname="mainPackage.RunnerClass" name="testMethod" time="45.044"/>
  <system-out/>
  <testcase classname="mainPackage.RunnerClass" name="testMethod" time="45.033"/>
  <system-out/>
  <testcase classname="mainPackage.RunnerClass" name="testMethod" time="43.899"/>
  <system-out/>
  <testcase classname="mainPackage.RunnerClass" name="testMethod" time="54.021"/>
  <system-out/>
  <testcase classname="mainPackage.RunnerClass" name="testMethod" time="45.293"/>
  <system-out/>
  <testcase classname="mainPackage.RunnerClass" name="testMethod" time="45.407"/>
  <system-out/>
  <testcase classname="mainPackage.RunnerClass" name="testMethod" time="45.070"/>
  <system-out/>
  <testcase classname="mainPackage.RunnerClass" name="testMethod" time="64.161"/>
  <system-out/>
  <testcase classname="mainPackage.RunnerClass" name="testMethod" time="48.416"/>
  <system-out/>
  <testcase classname="mainPackage.RunnerClass" name="testMethod" time="44.106"/>
  <system-out/>
  <testcase classname="mainPackage.RunnerClass" name="testMethod" time="46.505"/>
  <system-out/>
  <testcase classname="mainPackage.RunnerClass" name="testMethod" time="43.213"/>
  <system-out/>
  <testcase classname="mainPackage.RunnerClass" name="testMethod" time="43.600"/>
  <system-out/>
  <testcase classname="mainPackage.RunnerClass" name="testMethod" time="44.978"/>
  <system-out/>
  <testcase classname="mainPackage.RunnerClass" name="testMethod" time="44.397"/>
  <system-out/>
  <testcase classname="mainPackage.RunnerClass" name="testMethod" time="45.964"/>
  <system-out/>
  <testcase classname="mainPackage.RunnerClass" name="testMethod" time="44.615"/>
  <system-out/>
  <testcase classname="mainPackage.RunnerClass" name="testMethod" time="45.584"/>
  <system-out/>
  <testcase classname="mainPackage.RunnerClass" name="testMethod" time="44.634"/>
  <system-out/>
  <testcase classname="mainPackage.RunnerClass" name="testMethod" time="65.485"/>
  <system-out/>
  <testcase classname="mainPackage.RunnerClass" name="testMethod" time="45.947"/>
  <system-out/>
  <testcase classname="mainPackage.RunnerClass" name="testMethod" time="48.971"/>
  <system-out/>
  <testcase classname="mainPackage.RunnerClass" name="testMethod" time="44.991"/>
  <system-out/>
  <testcase classname="mainPackage.RunnerClass" name="testMethod" time="44.383"/>
  <system-out/>
  <testcase classname="mainPackage.RunnerClass" name="testMethod" time="45.979"/>
  <system-out/>
  <testcase classname="mainPackage.RunnerClass" name="testMethod" time="48.861"/>
  <system-out/>
  <testcase classname="mainPackage.RunnerClass" name="testMethod" time="46.100"/>
  <system-out/>
  <testcase classname="mainPackage.RunnerClass" name="testMethod" time="45.899"/>
  <system-out/>
  <testcase classname="mainPackage.RunnerClass" name="testMethod" time="52.101"/>
  <system-out/>
  <testcase classname="mainPackage.RunnerClass" name="testMethod" time="45.318"/>
  <system-out/>
  <testcase classname="mainPackage.RunnerClass" name="testMethod" time="44.183"/>
  <system-out/>
  <testcase classname="mainPackage.RunnerClass" name="testMethod" time="55.585"/>
  <system-out/>
  <testcase classname="mainPackage.RunnerClass" name="testMethod" time="48.434"/>
  <system-out/>
  <testcase classname="mainPackage.RunnerClass" name="testMethod" time="52.320"/>
  <system-out/>
  <testcase classname="mainPackage.RunnerClass" name="testMethod" time="45.549"/>
  <system-out/>
  <testcase classname="mainPackage.RunnerClass" name="testMethod" time="44.939"/>
  <system-out/>
  <testcase classname="mainPackage.RunnerClass" name="testMethod" time="44.142"/>
  <system-out/>
  <testcase classname="mainPackage.RunnerClass" name="testMethod" time="48.952"/>
  <system-out/>
  <testcase classname="mainPackage.RunnerClass" name="testMethod" time="46.179"/>
  <system-out/>
  <testcase classname="mainPackage.RunnerClass" name="testMethod" time="51.422"/>
  <system-out/>
  <testcase classname="mainPackage.RunnerClass" name="testMethod" time="43.392"/>
  <system-out/>
  <testcase classname="mainPackage.RunnerClass" name="testMethod" time="47.662"/>
  <system-out/>
  <testcase classname="mainPackage.RunnerClass" name="testMethod" time="45.900"/>
  <system-out/>
  <testcase classname="mainPackage.RunnerClass" name="testMethod" time="59.051"/>
  <system-out/>
  <testcase classname="mainPackage.RunnerClass" name="testMethod" time="54.825"/>
  <system-out/>
  <testcase classname="mainPackage.RunnerClass" name="testMethod" time="52.779"/>
  <system-out/>
  <testcase classname="mainPackage.RunnerClass" name="testMethod" time="45.178"/>
  <system-out/>
  <testcase classname="mainPackage.RunnerClass" name="testMethod" time="43.559"/>
  <system-out/>
  <testcase classname="mainPackage.RunnerClass" name="testMethod" time="46.114"/>
  <system-out/>
  <testcase classname="mainPackage.RunnerClass" name="testMethod" time="45.284"/>
  <system-out/>
  <testcase classname="mainPackage.RunnerClass" name="testMethod" time="46.159"/>
  <system-out/>
  <testcase classname="mainPackage.RunnerClass" name="testMethod" time="44.861"/>
  <system-out/>
  <testcase classname="mainPackage.RunnerClass" name="testMethod" time="45.223"/>
  <system-out/>
  <testcase classname="mainPackage.RunnerClass" name="testMethod" time="47.653"/>
  <system-out/>
  <testcase classname="mainPackage.RunnerClass" name="testMethod" time="45.851"/>
  <system-out/>
  <testcase classname="mainPackage.RunnerClass" name="testMethod" time="47.368"/>
  <system-out/>
  <testcase classname="mainPackage.RunnerClass" name="testMethod" time="45.117"/>
  <system-out/>
  <testcase classname="mainPackage.RunnerClass" name="testMethod" time="52.709"/>
  <system-out/>
  <testcase classname="mainPackage.RunnerClass" name="testMethod" time="43.600"/>
  <system-out/>
  <testcase classname="mainPackage.RunnerClass" name="testMethod" time="48.302"/>
  <system-out/>
  <testcase classname="mainPackage.RunnerClass" name="testMethod" time="48.926"/>
  <system-out/>
  <testcase classname="mainPackage.RunnerClass" name="testMethod" time="44.830"/>
  <system-out/>
  <testcase classname="mainPackage.RunnerClass" name="testMethod" time="50.064"/>
  <system-out/>
  <testcase classname="mainPackage.RunnerClass" name="testMethod" time="57.146"/>
  <system-out/>
  <testcase classname="mainPackage.RunnerClass" name="testMethod" time="43.250"/>
  <system-out/>
  <testcase classname="mainPackage.RunnerClass" name="testMethod" time="51.118"/>
  <system-out/>
  <testcase classname="mainPackage.RunnerClass" name="testMethod" time="47.929"/>
  <system-out/>
  <testcase classname="mainPackage.RunnerClass" name="testMethod" time="47.489"/>
  <system-out/>
  <testcase classname="mainPackage.RunnerClass" name="testMethod" time="53.354"/>
  <system-out/>
  <testcase classname="mainPackage.RunnerClass" name="testMethod" time="46.658"/>
  <system-out/>
  <testcase classname="mainPackage.RunnerClass" name="testMethod" time="45.114"/>
  <system-out/>
  <testcase classname="mainPackage.RunnerClass" name="testMethod" time="59.540"/>
  <system-out/>
  <testcase classname="mainPackage.RunnerClass" name="testMethod" time="48.074"/>
  <system-out/>
  <testcase classname="mainPackage.RunnerClass" name="testMethod" time="45.438"/>
  <system-out/>
  <testcase classname="mainPackage.RunnerClass" name="testMethod" time="51.190"/>
  <system-out/>
  <testcase classname="mainPackage.RunnerClass" name="testMethod" time="49.444"/>
  <system-out/>
  <testcase classname="mainPackage.RunnerClass" name="testMethod" time="39.147"/>
  <system-out/>
  <testcase classname="mainPackage.RunnerClass" name="testMethod" time="45.983"/>
  <system-out/>
  <testcase classname="mainPackage.RunnerClass" name="testMethod" time="45.401"/>
  <system-out/>
  <testcase classname="mainPackage.RunnerClass" name="testMethod" time="47.595"/>
  <system-out/>
  <testcase classname="mainPackage.RunnerClass" name="testMethod" time="44.178"/>
  <system-out/>
  <testcase classname="mainPackage.RunnerClass" name="testMethod" time="46.975"/>
  <system-out/>
  <testcase classname="mainPackage.RunnerClass" name="testMethod" time="43.867"/>
  <system-out/>
  <testcase classname="mainPackage.RunnerClass" name="testMethod" time="46.001"/>
  <system-out/>
  <testcase classname="mainPackage.RunnerClass" name="testMethod" time="46.058"/>
  <system-out/>
  <testcase classname="mainPackage.RunnerClass" name="testMethod" time="47.149"/>
  <system-out/>
  <testcase classname="mainPackage.RunnerClass" name="testMethod" time="51.521"/>
  <system-out/>
  <testcase classname="mainPackage.RunnerClass" name="testMethod" time="44.925"/>
  <system-out/>
  <testcase classname="mainPackage.RunnerClass" name="testMethod" time="44.173"/>
  <system-out/>
  <testcase classname="mainPackage.RunnerClass" name="testMethod" time="46.527"/>
  <system-out/>
  <testcase classname="mainPackage.RunnerClass" name="testMethod" time="44.195"/>
  <system-out/>
  <testcase classname="mainPackage.RunnerClass" name="testMethod" time="48.299"/>
  <system-out/>
  <testcase classname="mainPackage.RunnerClass" name="testMethod" time="45.105"/>
  <system-out/>
  <testcase classname="mainPackage.RunnerClass" name="testMethod" time="47.578"/>
  <system-out/>
  <testcase classname="mainPackage.RunnerClass" name="testMethod" time="50.259"/>
  <system-out/>
  <testcase classname="mainPackage.RunnerClass" name="testMethod" time="47.646"/>
  <system-out/>
  <testcase classname="mainPackage.RunnerClass" name="testMethod" time="43.950"/>
  <system-out/>
  <testcase classname="mainPackage.RunnerClass" name="testMethod" time="46.400"/>
  <system-out/>
  <testcase classname="mainPackage.RunnerClass" name="testMethod" time="45.271"/>
  <system-out/>
  <testcase classname="mainPackage.RunnerClass" name="testMethod" time="51.864"/>
  <system-out/>
  <testcase classname="mainPackage.RunnerClass" name="testMethod" time="55.657"/>
  <system-out/>
  <testcase classname="mainPackage.RunnerClass" name="testMethod" time="51.136"/>
  <system-out/>
  <testcase classname="mainPackage.RunnerClass" name="testMethod" time="45.364"/>
  <system-out/>
  <testcase classname="mainPackage.RunnerClass" name="testMethod" time="51.827"/>
  <system-out/>
  <testcase classname="mainPackage.RunnerClass" name="testMethod" time="42.803"/>
  <system-out/>
  <testcase classname="mainPackage.RunnerClass" name="testMethod" time="46.787"/>
  <system-out/>
  <testcase classname="mainPackage.RunnerClass" name="testMethod" time="44.072"/>
  <system-out/>
  <testcase classname="mainPackage.RunnerClass" name="testMethod" time="45.033"/>
  <system-out/>
  <testcase classname="mainPackage.RunnerClass" name="testMethod" time="58.390"/>
  <system-out/>
  <testcase classname="mainPackage.RunnerClass" name="testMethod" time="48.262"/>
  <system-out/>
  <testcase classname="mainPackage.RunnerClass" name="testMethod" time="47.664"/>
  <system-out/>
  <testcase classname="mainPackage.RunnerClass" name="testMethod" time="45.211"/>
  <system-out/>
  <testcase classname="mainPackage.RunnerClass" name="testMethod" time="47.052"/>
  <system-out/>
  <testcase classname="mainPackage.RunnerClass" name="testMethod" time="49.768"/>
  <system-out/>
  <testcase classname="mainPackage.RunnerClass" name="testMethod" time="44.552"/>
  <system-out/>
  <testcase classname="mainPackage.RunnerClass" name="testMethod" time="43.469"/>
  <system-out/>
  <testcase classname="mainPackage.RunnerClass" name="testMethod" time="44.990"/>
  <system-out/>
  <testcase classname="mainPackage.RunnerClass" name="testMethod" time="46.650"/>
  <system-out/>
  <testcase classname="mainPackage.RunnerClass" name="testMethod" time="46.956"/>
  <system-out/>
  <testcase classname="mainPackage.RunnerClass" name="testMethod" time="47.265"/>
  <system-out/>
  <testcase classname="mainPackage.RunnerClass" name="testMethod" time="47.329"/>
  <system-out/>
  <testcase classname="mainPackage.RunnerClass" name="testMethod" time="44.503"/>
  <system-out/>
  <testcase classname="mainPackage.RunnerClass" name="testMethod" time="44.295"/>
  <system-out/>
  <testcase classname="mainPackage.RunnerClass" name="testMethod" time="44.810"/>
  <system-out/>
  <testcase classname="mainPackage.RunnerClass" name="testMethod" time="40.667"/>
  <system-out/>
  <testcase classname="mainPackage.RunnerClass" name="testMethod" time="48.349"/>
  <system-out/>
  <testcase classname="mainPackage.RunnerClass" name="testMethod" time="55.017"/>
  <system-out/>
  <testcase classname="mainPackage.RunnerClass" name="testMethod" time="44.982"/>
  <system-out/>
  <testcase classname="mainPackage.RunnerClass" name="testMethod" time="44.730"/>
  <system-out/>
  <testcase classname="mainPackage.RunnerClass" name="testMethod" time="44.335"/>
  <system-out/>
  <testcase classname="mainPackage.RunnerClass" name="testMethod" time="49.410"/>
  <system-out/>
  <testcase classname="mainPackage.RunnerClass" name="testMethod" time="47.052"/>
  <system-out/>
  <testcase classname="mainPackage.RunnerClass" name="testMethod" time="53.747"/>
  <system-out/>
  <testcase classname="mainPackage.RunnerClass" name="testMethod" time="60.098"/>
  <system-out/>
  <testcase classname="mainPackage.RunnerClass" name="testMethod" time="45.269"/>
  <system-out/>
  <testcase classname="mainPackage.RunnerClass" name="testMethod" time="47.288"/>
  <system-out/>
  <testcase classname="mainPackage.RunnerClass" name="testMethod" time="54.561"/>
  <system-out/>
  <testcase classname="mainPackage.RunnerClass" name="testMethod" time="51.730"/>
  <system-out/>
  <testcase classname="mainPackage.RunnerClass" name="testMethod" time="53.712"/>
  <system-out/>
  <testcase classname="mainPackage.RunnerClass" name="testMethod" time="47.492"/>
  <system-out/>
  <testcase classname="mainPackage.RunnerClass" name="testMethod" time="44.727"/>
  <system-out/>
  <testcase classname="mainPackage.RunnerClass" name="testMethod" time="44.676"/>
  <system-out/>
  <testcase classname="mainPackage.RunnerClass" name="testMethod" time="46.141"/>
  <system-out/>
  <testcase classname="mainPackage.RunnerClass" name="testMethod" time="46.121"/>
  <system-out/>
  <testcase classname="mainPackage.RunnerClass" name="testMethod" time="53.273"/>
  <system-out/>
  <testcase classname="mainPackage.RunnerClass" name="testMethod" time="47.702"/>
  <system-out/>
  <testcase classname="mainPackage.RunnerClass" name="testMethod" time="48.397"/>
  <system-out/>
  <testcase classname="mainPackage.RunnerClass" name="testMethod" time="44.670"/>
  <system-out/>
  <testcase classname="mainPackage.RunnerClass" name="testMethod" time="44.704"/>
  <system-out/>
  <testcase classname="mainPackage.RunnerClass" name="testMethod" time="44.362"/>
  <system-out/>
  <testcase classname="mainPackage.RunnerClass" name="testMethod" time="44.241"/>
  <system-out/>
  <testcase classname="mainPackage.RunnerClass" name="testMethod" time="43.954"/>
  <system-out/>
  <testcase classname="mainPackage.RunnerClass" name="testMethod" time="45.873"/>
  <system-out/>
  <testcase classname="mainPackage.RunnerClass" name="testMethod" time="47.210"/>
  <system-out/>
  <testcase classname="mainPackage.RunnerClass" name="testMethod" time="56.479"/>
  <system-out/>
  <testcase classname="mainPackage.RunnerClass" name="testMethod" time="46.495"/>
  <system-out/>
  <testcase classname="mainPackage.RunnerClass" name="testMethod" time="45.372"/>
  <system-out/>
  <testcase classname="mainPackage.RunnerClass" name="testMethod" time="45.564"/>
  <system-out/>
  <testcase classname="mainPackage.RunnerClass" name="testMethod" time="44.263"/>
  <system-out/>
  <testcase classname="mainPackage.RunnerClass" name="testMethod" time="45.194"/>
  <system-out/>
  <testcase classname="mainPackage.RunnerClass" name="testMethod" time="44.596"/>
  <system-out/>
  <testcase classname="mainPackage.RunnerClass" name="testMethod" time="46.739"/>
  <system-out/>
  <testcase classname="mainPackage.RunnerClass" name="testMethod" time="45.101"/>
  <system-out/>
  <testcase classname="mainPackage.RunnerClass" name="testMethod" time="45.121"/>
  <system-out/>
  <testcase classname="mainPackage.RunnerClass" name="testMethod" time="44.542"/>
  <system-out/>
  <testcase classname="mainPackage.RunnerClass" name="testMethod" time="47.709"/>
  <system-out/>
  <testcase classname="mainPackage.RunnerClass" name="testMethod" time="48.806"/>
  <system-out/>
  <testcase classname="mainPackage.RunnerClass" name="testMethod" time="44.279"/>
  <system-out/>
  <testcase classname="mainPackage.RunnerClass" name="testMethod" time="44.709"/>
  <system-out/>
  <testcase classname="mainPackage.RunnerClass" name="testMethod" time="45.443"/>
  <system-out/>
  <testcase classname="mainPackage.RunnerClass" name="testMethod" time="48.660"/>
  <system-out/>
  <testcase classname="mainPackage.RunnerClass" name="testMethod" time="44.899"/>
  <system-out/>
  <testcase classname="mainPackage.RunnerClass" name="testMethod" time="45.543"/>
  <system-out/>
  <testcase classname="mainPackage.RunnerClass" name="testMethod" time="48.697"/>
  <system-out/>
  <testcase classname="mainPackage.RunnerClass" name="testMethod" time="43.517"/>
  <system-out/>
  <testcase classname="mainPackage.RunnerClass" name="testMethod" time="49.371"/>
  <system-out/>
  <testcase classname="mainPackage.RunnerClass" name="testMethod" time="45.878"/>
  <system-out/>
  <testcase classname="mainPackage.RunnerClass" name="testMethod" time="42.265"/>
  <system-out/>
  <testcase classname="mainPackage.RunnerClass" name="testMethod" time="45.665"/>
  <system-out/>
  <testcase classname="mainPackage.RunnerClass" name="testMethod" time="43.310"/>
  <system-out/>
  <testcase classname="mainPackage.RunnerClass" name="testMethod" time="43.775"/>
  <system-out/>
  <testcase classname="mainPackage.RunnerClass" name="testMethod" time="38.147"/>
  <system-out/>
  <testcase classname="mainPackage.RunnerClass" name="testMethod" time="44.199"/>
  <system-out/>
  <testcase classname="mainPackage.RunnerClass" name="testMethod" time="44.657"/>
  <system-out/>
  <testcase classname="mainPackage.RunnerClass" name="testMethod" time="48.836"/>
  <system-out/>
  <testcase classname="mainPackage.RunnerClass" name="testMethod" time="42.770"/>
  <system-out/>
  <testcase classname="mainPackage.RunnerClass" name="testMethod" time="44.352"/>
  <system-out/>
  <testcase classname="mainPackage.RunnerClass" name="testMethod" time="54.660"/>
  <system-out/>
  <testcase classname="mainPackage.RunnerClass" name="testMethod" time="51.010"/>
  <system-out/>
  <testcase classname="mainPackage.RunnerClass" name="testMethod" time="53.695"/>
  <system-out/>
  <testcase classname="mainPackage.RunnerClass" name="testMethod" time="44.497"/>
  <system-out/>
  <testcase classname="mainPackage.RunnerClass" name="testMethod" time="49.223"/>
  <system-out/>
  <testcase classname="mainPackage.RunnerClass" name="testMethod" time="54.666"/>
  <system-out/>
  <testcase classname="mainPackage.RunnerClass" name="testMethod" time="49.419"/>
  <system-out/>
  <testcase classname="mainPackage.RunnerClass" name="testMethod" time="44.446"/>
  <system-out/>
  <testcase classname="mainPackage.RunnerClass" name="testMethod" time="61.190"/>
  <system-out/>
  <testcase classname="mainPackage.RunnerClass" name="testMethod" time="49.014"/>
  <system-out/>
  <testcase classname="mainPackage.RunnerClass" name="testMethod" time="45.067"/>
  <system-out/>
  <testcase classname="mainPackage.RunnerClass" name="testMethod" time="45.583"/>
  <system-out/>
  <testcase classname="mainPackage.RunnerClass" name="testMethod" time="54.672"/>
  <system-out/>
  <testcase classname="mainPackage.RunnerClass" name="testMethod" time="46.137"/>
  <system-out/>
  <testcase classname="mainPackage.RunnerClass" name="testMethod" time="43.554"/>
  <system-out/>
  <testcase classname="mainPackage.RunnerClass" name="testMethod" time="43.042"/>
  <system-out/>
  <testcase classname="mainPackage.RunnerClass" name="testMethod" time="44.716"/>
  <system-out/>
  <testcase classname="mainPackage.RunnerClass" name="testMethod" time="56.388"/>
  <system-out/>
  <testcase classname="mainPackage.RunnerClass" name="testMethod" time="45.131"/>
  <system-out/>
  <testcase classname="mainPackage.RunnerClass" name="testMethod" time="50.092"/>
  <system-out/>
  <testcase classname="mainPackage.RunnerClass" name="testMethod" time="50.186"/>
  <system-out/>
  <testcase classname="mainPackage.RunnerClass" name="testMethod" time="46.999"/>
  <system-out/>
  <testcase classname="mainPackage.RunnerClass" name="testMethod" time="43.972"/>
  <system-out/>
  <testcase classname="mainPackage.RunnerClass" name="testMethod" time="44.456"/>
  <system-out/>
  <testcase classname="mainPackage.RunnerClass" name="testMethod" time="47.044"/>
  <system-out/>
  <testcase classname="mainPackage.RunnerClass" name="testMethod" time="48.540"/>
  <system-out/>
  <testcase classname="mainPackage.RunnerClass" name="testMethod" time="47.149"/>
  <system-out/>
  <testcase classname="mainPackage.RunnerClass" name="testMethod" time="51.638"/>
  <system-out/>
  <testcase classname="mainPackage.RunnerClass" name="testMethod" time="51.898"/>
  <system-out/>
  <testcase classname="mainPackage.RunnerClass" name="testMethod" time="42.937"/>
  <system-out/>
  <testcase classname="mainPackage.RunnerClass" name="testMethod" time="44.863"/>
  <system-out/>
  <testcase classname="mainPackage.RunnerClass" name="testMethod" time="47.316"/>
  <system-out/>
  <testcase classname="mainPackage.RunnerClass" name="testMethod" time="42.918"/>
  <system-out/>
  <testcase classname="mainPackage.RunnerClass" name="testMethod" time="58.935"/>
  <system-out/>
  <testcase classname="mainPackage.RunnerClass" name="testMethod" time="45.439"/>
  <system-out/>
  <testcase classname="mainPackage.RunnerClass" name="testMethod" time="58.421"/>
  <system-out/>
  <testcase classname="mainPackage.RunnerClass" name="testMethod" time="47.458"/>
  <system-out/>
  <testcase classname="mainPackage.RunnerClass" name="testMethod" time="50.102"/>
  <system-out/>
  <testcase classname="mainPackage.RunnerClass" name="testMethod" time="45.373"/>
  <system-out/>
  <testcase classname="mainPackage.RunnerClass" name="testMethod" time="46.689"/>
  <system-out/>
  <testcase classname="mainPackage.RunnerClass" name="testMethod" time="48.517"/>
  <system-out/>
  <testcase classname="mainPackage.RunnerClass" name="testMethod" time="53.477"/>
  <system-out/>
  <testcase classname="mainPackage.RunnerClass" name="testMethod" time="45.214"/>
  <system-out/>
  <testcase classname="mainPackage.RunnerClass" name="testMethod" time="48.450"/>
  <system-out/>
  <testcase classname="mainPackage.RunnerClass" name="testMethod" time="44.036"/>
  <system-out/>
  <testcase classname="mainPackage.RunnerClass" name="testMethod" time="47.225"/>
  <system-out/>
  <testcase classname="mainPackage.RunnerClass" name="testMethod" time="49.559"/>
  <system-out/>
  <testcase classname="mainPackage.RunnerClass" name="testMethod" time="44.576"/>
  <system-out/>
  <testcase classname="mainPackage.RunnerClass" name="testMethod" time="43.568"/>
  <system-out/>
  <testcase classname="mainPackage.RunnerClass" name="testMethod" time="44.564"/>
  <system-out/>
  <testcase classname="mainPackage.RunnerClass" name="testMethod" time="41.399"/>
  <system-out/>
  <testcase classname="mainPackage.RunnerClass" name="testMethod" time="43.354"/>
  <system-out/>
  <testcase classname="mainPackage.RunnerClass" name="testMethod" time="44.959"/>
  <system-out/>
  <testcase classname="mainPackage.RunnerClass" name="testMethod" time="47.052"/>
  <system-out/>
  <testcase classname="mainPackage.RunnerClass" name="testMethod" time="46.600"/>
  <system-out/>
  <testcase classname="mainPackage.RunnerClass" name="testMethod" time="59.885"/>
  <system-out/>
  <testcase classname="mainPackage.RunnerClass" name="testMethod" time="42.989"/>
  <system-out/>
  <testcase classname="mainPackage.RunnerClass" name="testMethod" time="61.117"/>
  <system-out/>
  <testcase classname="mainPackage.RunnerClass" name="testMethod" time="51.430"/>
  <system-out/>
  <testcase classname="mainPackage.RunnerClass" name="testMethod" time="45.395"/>
  <system-out/>
  <testcase classname="mainPackage.RunnerClass" name="testMethod" time="45.659"/>
  <system-out/>
  <testcase classname="mainPackage.RunnerClass" name="testMethod" time="45.899"/>
  <system-out/>
  <testcase classname="mainPackage.RunnerClass" name="testMethod" time="44.974"/>
  <system-out/>
  <testcase classname="mainPackage.RunnerClass" name="testMethod" time="47.170"/>
  <system-out/>
  <testcase classname="mainPackage.RunnerClass" name="testMethod" time="50.521"/>
  <system-out/>
  <testcase classname="mainPackage.RunnerClass" name="testMethod" time="44.311"/>
  <system-out/>
  <testcase classname="mainPackage.RunnerClass" name="testMethod" time="44.904"/>
  <system-out/>
  <testcase classname="mainPackage.RunnerClass" name="testMethod" time="49.515"/>
  <system-out/>
  <testcase classname="mainPackage.RunnerClass" name="testMethod" time="54.402"/>
  <system-out/>
  <testcase classname="mainPackage.RunnerClass" name="testMethod" time="38.695"/>
  <system-out/>
  <testcase classname="mainPackage.RunnerClass" name="testMethod" time="45.454"/>
  <system-out/>
  <testcase classname="mainPackage.RunnerClass" name="testMethod" time="49.367"/>
  <system-out/>
  <testcase classname="mainPackage.RunnerClass" name="testMethod" time="49.654"/>
  <system-out/>
  <testcase classname="mainPackage.RunnerClass" name="testMethod" time="45.697"/>
  <system-out/>
  <testcase classname="mainPackage.RunnerClass" name="testMethod" time="56.734"/>
  <system-out/>
  <testcase classname="mainPackage.RunnerClass" name="testMethod" time="47.907"/>
  <system-out/>
  <testcase classname="mainPackage.RunnerClass" name="testMethod" time="44.167"/>
  <system-out/>
  <testcase classname="mainPackage.RunnerClass" name="testMethod" time="45.703"/>
  <system-out/>
  <testcase classname="mainPackage.RunnerClass" name="testMethod" time="46.935"/>
  <system-out/>
  <testcase classname="mainPackage.RunnerClass" name="testMethod" time="44.852"/>
  <system-out/>
  <testcase classname="mainPackage.RunnerClass" name="testMethod" time="43.456"/>
  <system-out/>
  <testcase classname="mainPackage.RunnerClass" name="testMethod" time="44.757"/>
  <system-out/>
  <testcase classname="mainPackage.RunnerClass" name="testMethod" time="44.632"/>
  <system-out/>
  <testcase classname="mainPackage.RunnerClass" name="testMethod" time="45.151"/>
  <system-out/>
  <testcase classname="mainPackage.RunnerClass" name="testMethod" time="55.933"/>
  <system-out/>
  <testcase classname="mainPackage.RunnerClass" name="testMethod" time="43.556"/>
  <system-out/>
  <testcase classname="mainPackage.RunnerClass" name="testMethod" time="46.750"/>
  <system-out/>
  <testcase classname="mainPackage.RunnerClass" name="testMethod" time="58.507"/>
  <system-out/>
  <testcase classname="mainPackage.RunnerClass" name="testMethod" time="45.912"/>
  <system-out/>
  <testcase classname="mainPackage.RunnerClass" name="testMethod" time="42.498"/>
  <system-out/>
  <testcase classname="mainPackage.RunnerClass" name="testMethod" time="46.726"/>
  <system-out/>
  <testcase classname="mainPackage.RunnerClass" name="testMethod" time="45.718"/>
  <system-out/>
  <testcase classname="mainPackage.RunnerClass" name="testMethod" time="47.544"/>
  <system-out/>
  <testcase classname="mainPackage.RunnerClass" name="testMethod" time="45.748"/>
  <system-out/>
  <testcase classname="mainPackage.RunnerClass" name="testMethod" time="61.366"/>
  <system-out/>
  <testcase classname="mainPackage.RunnerClass" name="testMethod" time="45.839"/>
  <system-out/>
  <testcase classname="mainPackage.RunnerClass" name="testMethod" time="44.581"/>
  <system-out/>
  <testcase classname="mainPackage.RunnerClass" name="testMethod" time="59.132"/>
  <system-out/>
  <testcase classname="mainPackage.RunnerClass" name="testMethod" time="44.883"/>
  <system-out/>
  <testcase classname="mainPackage.RunnerClass" name="testMethod" time="39.300"/>
  <system-out/>
  <testcase classname="mainPackage.RunnerClass" name="testMethod" time="44.792"/>
  <system-out/>
  <testcase classname="mainPackage.RunnerClass" name="testMethod" time="50.825"/>
  <system-out/>
  <testcase classname="mainPackage.RunnerClass" name="testMethod" time="60.353"/>
  <system-out/>
  <testcase classname="mainPackage.RunnerClass" name="testMethod" time="46.512"/>
  <system-out/>
  <testcase classname="mainPackage.RunnerClass" name="testMethod" time="44.822"/>
  <system-out/>
  <testcase classname="mainPackage.RunnerClass" name="testMethod" time="47.727"/>
  <system-out/>
  <testcase classname="mainPackage.RunnerClass" name="testMethod" time="45.738"/>
  <system-out/>
  <testcase classname="mainPackage.RunnerClass" name="testMethod" time="44.301"/>
  <system-out/>
  <testcase classname="mainPackage.RunnerClass" name="testMethod" time="44.488"/>
  <system-out/>
  <testcase classname="mainPackage.RunnerClass" name="testMethod" time="46.061"/>
  <system-out/>
  <testcase classname="mainPackage.RunnerClass" name="testMethod" time="50.039"/>
  <system-out/>
  <testcase classname="mainPackage.RunnerClass" name="testMethod" time="44.366"/>
  <system-out/>
  <testcase classname="mainPackage.RunnerClass" name="testMethod" time="46.813"/>
  <system-out/>
  <testcase classname="mainPackage.RunnerClass" name="testMethod" time="44.882"/>
  <system-out/>
  <testcase classname="mainPackage.RunnerClass" name="testMethod" time="43.585"/>
  <system-out/>
  <testcase classname="mainPackage.RunnerClass" name="testMethod" time="46.191"/>
  <system-out/>
  <testcase classname="mainPackage.RunnerClass" name="testMethod" time="43.845"/>
  <system-out/>
  <testcase classname="mainPackage.RunnerClass" name="testMethod" time="45.700"/>
  <system-out/>
  <testcase classname="mainPackage.RunnerClass" name="testMethod" time="46.776"/>
  <system-out/>
  <testcase classname="mainPackage.RunnerClass" name="testMethod" time="43.835"/>
  <system-out/>
  <testcase classname="mainPackage.RunnerClass" name="testMethod" time="43.624"/>
  <system-out/>
  <testcase classname="mainPackage.RunnerClass" name="testMethod" time="49.733"/>
  <system-out/>
  <testcase classname="mainPackage.RunnerClass" name="testMethod" time="48.411"/>
  <system-out/>
  <testcase classname="mainPackage.RunnerClass" name="testMethod" time="44.354"/>
  <system-out/>
  <testcase classname="mainPackage.RunnerClass" name="testMethod" time="43.909"/>
  <system-out/>
  <testcase classname="mainPackage.RunnerClass" name="testMethod" time="44.678"/>
  <system-out/>
  <testcase classname="mainPackage.RunnerClass" name="testMethod" time="44.147"/>
  <system-out/>
  <testcase classname="mainPackage.RunnerClass" name="testMethod" time="50.601"/>
  <system-out/>
  <testcase classname="mainPackage.RunnerClass" name="testMethod" time="46.434"/>
  <system-out/>
  <testcase classname="mainPackage.RunnerClass" name="testMethod" time="47.634"/>
  <system-out/>
  <testcase classname="mainPackage.RunnerClass" name="testMethod" time="44.562"/>
  <system-out/>
  <testcase classname="mainPackage.RunnerClass" name="testMethod" time="43.565"/>
  <system-out/>
  <testcase classname="mainPackage.RunnerClass" name="testMethod" time="49.072"/>
  <system-out/>
  <testcase classname="mainPackage.RunnerClass" name="testMethod" time="45.408"/>
  <system-out/>
  <testcase classname="mainPackage.RunnerClass" name="testMethod" time="44.869"/>
  <system-out/>
  <testcase classname="mainPackage.RunnerClass" name="testMethod" time="43.785"/>
  <system-out/>
  <testcase classname="mainPackage.RunnerClass" name="testMethod" time="50.971"/>
  <system-out/>
  <testcase classname="mainPackage.RunnerClass" name="testMethod" time="44.261"/>
  <system-out/>
  <testcase classname="mainPackage.RunnerClass" name="testMethod" time="44.908"/>
  <system-out/>
  <testcase classname="mainPackage.RunnerClass" name="testMethod" time="45.375"/>
  <system-out/>
  <testcase classname="mainPackage.RunnerClass" name="testMethod" time="47.915"/>
  <system-out/>
  <testcase classname="mainPackage.RunnerClass" name="testMethod" time="44.532"/>
  <system-out/>
  <testcase classname="mainPackage.RunnerClass" name="testMethod" time="45.156"/>
  <system-out/>
  <testcase classname="mainPackage.RunnerClass" name="testMethod" time="43.618"/>
  <system-out/>
  <testcase classname="mainPackage.RunnerClass" name="testMethod" time="45.307"/>
  <system-out/>
  <testcase classname="mainPackage.RunnerClass" name="testMethod" time="46.379"/>
  <system-out/>
  <testcase classname="mainPackage.RunnerClass" name="testMethod" time="44.303"/>
  <system-out/>
  <testcase classname="mainPackage.RunnerClass" name="testMethod" time="52.352"/>
  <system-out/>
  <testcase classname="mainPackage.RunnerClass" name="testMethod" time="44.757"/>
  <system-out/>
  <testcase classname="mainPackage.RunnerClass" name="testMethod" time="45.856"/>
  <system-out/>
  <testcase classname="mainPackage.RunnerClass" name="testMethod" time="58.424"/>
  <system-out/>
  <testcase classname="mainPackage.RunnerClass" name="testMethod" time="49.456"/>
  <system-out/>
  <testcase classname="mainPackage.RunnerClass" name="testMethod" time="48.343"/>
  <system-out/>
  <testcase classname="mainPackage.RunnerClass" name="testMethod" time="57.314"/>
  <system-out/>
  <testcase classname="mainPackage.RunnerClass" name="testMethod" time="45.168"/>
  <system-out/>
  <testcase classname="mainPackage.RunnerClass" name="testMethod" time="44.748"/>
  <system-out/>
  <testcase classname="mainPackage.RunnerClass" name="testMethod" time="45.228"/>
  <system-out/>
  <testcase classname="mainPackage.RunnerClass" name="testMethod" time="50.204"/>
  <system-out/>
  <testcase classname="mainPackage.RunnerClass" name="testMethod" time="45.773"/>
  <system-out/>
  <testcase classname="mainPackage.RunnerClass" name="testMethod" time="42.967"/>
  <system-out/>
  <testcase classname="mainPackage.RunnerClass" name="testMethod" time="45.008"/>
  <system-out/>
  <testcase classname="mainPackage.RunnerClass" name="testMethod" time="45.708"/>
  <system-out/>
  <testcase classname="mainPackage.RunnerClass" name="testMethod" time="46.583"/>
  <system-out/>
  <testcase classname="mainPackage.RunnerClass" name="testMethod" time="45.147"/>
  <system-out/>
  <testcase classname="mainPackage.RunnerClass" name="testMethod" time="55.305"/>
  <system-out/>
  <testcase classname="mainPackage.RunnerClass" name="testMethod" time="45.847"/>
  <system-out/>
  <testcase classname="mainPackage.RunnerClass" name="testMethod" time="44.640"/>
  <system-out/>
  <testcase classname="mainPackage.RunnerClass" name="testMethod" time="44.737"/>
  <system-out/>
  <testcase classname="mainPackage.RunnerClass" name="testMethod" time="39.379"/>
  <system-out/>
  <testcase classname="mainPackage.RunnerClass" name="testMethod" time="44.941"/>
  <system-out/>
  <testcase classname="mainPackage.RunnerClass" name="testMethod" time="43.771"/>
  <system-out/>
  <testcase classname="mainPackage.RunnerClass" name="testMethod" time="45.488"/>
  <system-out/>
  <testcase classname="mainPackage.RunnerClass" name="testMethod" time="43.356"/>
  <system-out/>
  <testcase classname="mainPackage.RunnerClass" name="testMethod" time="55.125"/>
  <system-out/>
  <testcase classname="mainPackage.RunnerClass" name="testMethod" time="46.707"/>
  <system-out/>
  <testcase classname="mainPackage.RunnerClass" name="testMethod" time="47.236"/>
  <system-out/>
  <testcase classname="mainPackage.RunnerClass" name="testMethod" time="44.714"/>
  <system-out/>
  <testcase classname="mainPackage.RunnerClass" name="testMethod" time="48.440"/>
  <system-out/>
  <testcase classname="mainPackage.RunnerClass" name="testMethod" time="43.131"/>
  <system-out/>
  <testcase classname="mainPackage.RunnerClass" name="testMethod" time="43.661"/>
  <system-out/>
  <testcase classname="mainPackage.RunnerClass" name="testMethod" time="43.949"/>
  <system-out/>
  <testcase classname="mainPackage.RunnerClass" name="testMethod" time="44.262"/>
  <system-out/>
  <testcase classname="mainPackage.RunnerClass" name="testMethod" time="46.833"/>
  <system-out/>
  <testcase classname="mainPackage.RunnerClass" name="testMethod" time="59.158"/>
  <system-out/>
  <testcase classname="mainPackage.RunnerClass" name="testMethod" time="43.919"/>
  <system-out/>
  <testcase classname="mainPackage.RunnerClass" name="testMethod" time="45.742"/>
  <system-out/>
  <testcase classname="mainPackage.RunnerClass" name="testMethod" time="48.126"/>
  <system-out/>
  <testcase classname="mainPackage.RunnerClass" name="testMethod" time="45.952"/>
  <system-out/>
  <testcase classname="mainPackage.RunnerClass" name="testMethod" time="54.831"/>
  <system-out/>
  <testcase classname="mainPackage.RunnerClass" name="testMethod" time="46.080"/>
  <system-out/>
  <testcase classname="mainPackage.RunnerClass" name="testMethod" time="46.341"/>
  <system-out/>
  <testcase classname="mainPackage.RunnerClass" name="testMethod" time="44.436"/>
  <system-out/>
  <testcase classname="mainPackage.RunnerClass" name="testMethod" time="45.497"/>
  <system-out/>
  <testcase classname="mainPackage.RunnerClass" name="testMethod" time="53.529"/>
  <system-out/>
  <testcase classname="mainPackage.RunnerClass" name="testMethod" time="45.332"/>
  <system-out/>
  <testcase classname="mainPackage.RunnerClass" name="testMethod" time="44.203"/>
  <system-out/>
  <testcase classname="mainPackage.RunnerClass" name="testMethod" time="48.633"/>
  <system-out/>
  <testcase classname="mainPackage.RunnerClass" name="testMethod" time="44.702"/>
  <system-out/>
  <testcase classname="mainPackage.RunnerClass" name="testMethod" time="44.761"/>
  <system-out/>
  <testcase classname="mainPackage.RunnerClass" name="testMethod" time="43.797"/>
  <system-out/>
  <testcase classname="mainPackage.RunnerClass" name="testMethod" time="47.910"/>
  <system-out/>
  <testcase classname="mainPackage.RunnerClass" name="testMethod" time="46.472"/>
  <system-out/>
  <testcase classname="mainPackage.RunnerClass" name="testMethod" time="44.343"/>
  <system-out/>
  <testcase classname="mainPackage.RunnerClass" name="testMethod" time="52.831"/>
  <system-out/>
  <testcase classname="mainPackage.RunnerClass" name="testMethod" time="49.316"/>
  <system-out/>
  <testcase classname="mainPackage.RunnerClass" name="testMethod" time="46.280"/>
  <system-out/>
  <testcase classname="mainPackage.RunnerClass" name="testMethod" time="43.938"/>
  <system-out/>
  <testcase classname="mainPackage.RunnerClass" name="testMethod" time="50.354"/>
  <system-out/>
  <testcase classname="mainPackage.RunnerClass" name="testMethod" time="46.283"/>
  <system-out/>
  <testcase classname="mainPackage.RunnerClass" name="testMethod" time="44.083"/>
  <system-out/>
  <testcase classname="mainPackage.RunnerClass" name="testMethod" time="47.565"/>
  <system-out/>
  <testcase classname="mainPackage.RunnerClass" name="testMethod" time="43.476"/>
  <system-out/>
  <testcase classname="mainPackage.RunnerClass" name="testMethod" time="47.888"/>
  <system-out/>
  <testcase classname="mainPackage.RunnerClass" name="testMethod" time="63.966"/>
  <system-out/>
  <testcase classname="mainPackage.RunnerClass" name="testMethod" time="47.173"/>
  <system-out/>
  <testcase classname="mainPackage.RunnerClass" name="testMethod" time="44.520"/>
  <system-out/>
  <testcase classname="mainPackage.RunnerClass" name="testMethod" time="48.388"/>
  <system-out/>
  <testcase classname="mainPackage.RunnerClass" name="testMethod" time="51.253"/>
  <system-out/>
  <testcase classname="mainPackage.RunnerClass" name="testMethod" time="45.916"/>
  <system-out/>
  <testcase classname="mainPackage.RunnerClass" name="testMethod" time="45.615"/>
  <system-out/>
  <testcase classname="mainPackage.RunnerClass" name="testMethod" time="45.254"/>
  <system-out/>
  <testcase classname="mainPackage.RunnerClass" name="testMethod" time="45.414"/>
  <system-out/>
  <testcase classname="mainPackage.RunnerClass" name="testMethod" time="45.472"/>
  <system-out/>
  <testcase classname="mainPackage.RunnerClass" name="testMethod" time="45.544"/>
  <system-out/>
  <testcase classname="mainPackage.RunnerClass" name="testMethod" time="44.304"/>
  <system-out/>
  <testcase classname="mainPackage.RunnerClass" name="testMethod" time="48.655"/>
  <system-out/>
  <testcase classname="mainPackage.RunnerClass" name="testMethod" time="45.855"/>
  <system-out/>
  <testcase classname="mainPackage.RunnerClass" name="testMethod" time="45.668"/>
  <system-out/>
  <testcase classname="mainPackage.RunnerClass" name="testMethod" time="43.808"/>
  <system-out/>
  <testcase classname="mainPackage.RunnerClass" name="testMethod" time="45.741"/>
  <system-out/>
  <testcase classname="mainPackage.RunnerClass" name="testMethod" time="52.401"/>
  <system-out/>
  <testcase classname="mainPackage.RunnerClass" name="testMethod" time="42.330"/>
  <system-out/>
  <testcase classname="mainPackage.RunnerClass" name="testMethod" time="45.868"/>
  <system-out/>
  <testcase classname="mainPackage.RunnerClass" name="testMethod" time="44.544"/>
  <system-out/>
  <testcase classname="mainPackage.RunnerClass" name="testMethod" time="49.667"/>
  <system-out/>
  <testcase classname="mainPackage.RunnerClass" name="testMethod" time="45.948"/>
  <system-out/>
  <testcase classname="mainPackage.RunnerClass" name="testMethod" time="45.206"/>
  <system-out/>
  <testcase classname="mainPackage.RunnerClass" name="testMethod" time="49.501"/>
  <system-out/>
  <testcase classname="mainPackage.RunnerClass" name="testMethod" time="46.016"/>
  <system-out/>
  <testcase classname="mainPackage.RunnerClass" name="testMethod" time="44.937"/>
  <system-out/>
  <testcase classname="mainPackage.RunnerClass" name="testMethod" time="50.613"/>
  <system-out/>
  <testcase classname="mainPackage.RunnerClass" name="testMethod" time="45.213"/>
  <system-out/>
  <testcase classname="mainPackage.RunnerClass" name="testMethod" time="43.532"/>
  <system-out/>
  <testcase classname="mainPackage.RunnerClass" name="testMethod" time="43.997"/>
  <system-out/>
  <testcase classname="mainPackage.RunnerClass" name="testMethod" time="44.551"/>
  <system-out/>
  <testcase classname="mainPackage.RunnerClass" name="testMethod" time="46.401"/>
  <system-out/>
  <testcase classname="mainPackage.RunnerClass" name="testMethod" time="49.274"/>
  <system-out/>
  <testcase classname="mainPackage.RunnerClass" name="testMethod" time="48.572"/>
  <system-out/>
  <testcase classname="mainPackage.RunnerClass" name="testMethod" time="46.300"/>
  <system-out/>
  <testcase classname="mainPackage.RunnerClass" name="testMethod" time="47.477"/>
  <system-out/>
  <testcase classname="mainPackage.RunnerClass" name="testMethod" time="44.987"/>
  <system-out/>
  <testcase classname="mainPackage.RunnerClass" name="testMethod" time="47.935"/>
  <system-out/>
  <testcase classname="mainPackage.RunnerClass" name="testMethod" time="43.877"/>
  <system-out/>
  <testcase classname="mainPackage.RunnerClass" name="testMethod" time="56.482"/>
  <system-out/>
  <testcase classname="mainPackage.RunnerClass" name="testMethod" time="44.221"/>
  <system-out/>
  <testcase classname="mainPackage.RunnerClass" name="testMethod" time="45.973"/>
  <system-out/>
  <testcase classname="mainPackage.RunnerClass" name="testMethod" time="47.033"/>
  <system-out/>
  <testcase classname="mainPackage.RunnerClass" name="testMethod" time="46.988"/>
  <system-out/>
  <testcase classname="mainPackage.RunnerClass" name="testMethod" time="43.477"/>
  <system-out/>
  <testcase classname="mainPackage.RunnerClass" name="testMethod" time="51.854"/>
  <system-out/>
  <testcase classname="mainPackage.RunnerClass" name="testMethod" time="50.206"/>
  <system-out/>
  <testcase classname="mainPackage.RunnerClass" name="testMethod" time="45.859"/>
  <system-out/>
  <testcase classname="mainPackage.RunnerClass" name="testMethod" time="47.912"/>
  <system-out/>
  <testcase classname="mainPackage.RunnerClass" name="testMethod" time="46.743"/>
  <system-out/>
  <testcase classname="mainPackage.RunnerClass" name="testMethod" time="44.829"/>
  <system-out/>
  <testcase classname="mainPackage.RunnerClass" name="testMethod" time="52.960"/>
  <system-out/>
  <testcase classname="mainPackage.RunnerClass" name="testMethod" time="46.460"/>
  <system-out/>
  <testcase classname="mainPackage.RunnerClass" name="testMethod" time="47.843"/>
  <system-out/>
  <testcase classname="mainPackage.RunnerClass" name="testMethod" time="45.581"/>
  <system-out/>
  <testcase classname="mainPackage.RunnerClass" name="testMethod" time="46.033"/>
  <system-out/>
  <testcase classname="mainPackage.RunnerClass" name="testMethod" time="43.710"/>
  <system-out/>
  <testcase classname="mainPackage.RunnerClass" name="testMethod" time="43.621"/>
  <system-out/>
  <testcase classname="mainPackage.RunnerClass" name="testMethod" time="47.567"/>
  <system-out/>
  <testcase classname="mainPackage.RunnerClass" name="testMethod" time="45.292"/>
  <system-out/>
  <testcase classname="mainPackage.RunnerClass" name="testMethod" time="49.050"/>
  <system-out/>
  <testcase classname="mainPackage.RunnerClass" name="testMethod" time="43.550"/>
  <system-out/>
  <testcase classname="mainPackage.RunnerClass" name="testMethod" time="45.753"/>
  <system-out/>
  <testcase classname="mainPackage.RunnerClass" name="testMethod" time="54.368"/>
  <system-out/>
  <testcase classname="mainPackage.RunnerClass" name="testMethod" time="49.321"/>
  <system-out/>
  <testcase classname="mainPackage.RunnerClass" name="testMethod" time="44.449"/>
  <system-out/>
  <testcase classname="mainPackage.RunnerClass" name="testMethod" time="42.851"/>
  <system-out/>
  <testcase classname="mainPackage.RunnerClass" name="testMethod" time="44.156"/>
  <system-out/>
  <testcase classname="mainPackage.RunnerClass" name="testMethod" time="44.741"/>
  <system-out/>
  <testcase classname="mainPackage.RunnerClass" name="testMethod" time="45.042"/>
  <system-out/>
  <testcase classname="mainPackage.RunnerClass" name="testMethod" time="45.692"/>
  <system-out/>
  <testcase classname="mainPackage.RunnerClass" name="testMethod" time="54.573"/>
  <system-out/>
  <testcase classname="mainPackage.RunnerClass" name="testMethod" time="36.872"/>
  <system-out/>
  <testcase classname="mainPackage.RunnerClass" name="testMethod" time="47.896"/>
  <system-out/>
  <testcase classname="mainPackage.RunnerClass" name="testMethod" time="45.261"/>
  <system-out/>
  <testcase classname="mainPackage.RunnerClass" name="testMethod" time="45.159"/>
  <system-out/>
  <testcase classname="mainPackage.RunnerClass" name="testMethod" time="57.561"/>
  <system-out/>
  <testcase classname="mainPackage.RunnerClass" name="testMethod" time="46.569"/>
  <system-out/>
  <testcase classname="mainPackage.RunnerClass" name="testMethod" time="54.368"/>
  <system-out/>
  <testcase classname="mainPackage.RunnerClass" name="testMethod" time="58.475"/>
  <system-out/>
  <testcase classname="mainPackage.RunnerClass" name="testMethod" time="48.530"/>
  <system-out/>
  <testcase classname="mainPackage.RunnerClass" name="testMethod" time="43.748"/>
  <system-out/>
  <testcase classname="mainPackage.RunnerClass" name="testMethod" time="43.541"/>
  <system-out/>
  <testcase classname="mainPackage.RunnerClass" name="testMethod" time="37.907"/>
  <system-out/>
  <testcase classname="mainPackage.RunnerClass" name="testMethod" time="45.535"/>
  <system-out/>
  <testcase classname="mainPackage.RunnerClass" name="testMethod" time="43.889"/>
  <system-out/>
  <testcase classname="mainPackage.RunnerClass" name="testMethod" time="44.042"/>
  <system-out/>
  <testcase classname="mainPackage.RunnerClass" name="testMethod" time="52.601"/>
  <system-out/>
  <testcase classname="mainPackage.RunnerClass" name="testMethod" time="50.081"/>
  <system-out/>
  <testcase classname="mainPackage.RunnerClass" name="testMethod" time="46.777"/>
  <system-out/>
  <testcase classname="mainPackage.RunnerClass" name="testMethod" time="45.561"/>
  <system-out/>
  <testcase classname="mainPackage.RunnerClass" name="testMethod" time="50.557"/>
  <system-out/>
  <testcase classname="mainPackage.RunnerClass" name="testMethod" time="46.197"/>
  <system-out/>
  <testcase classname="mainPackage.RunnerClass" name="testMethod" time="49.608"/>
  <system-out/>
  <testcase classname="mainPackage.RunnerClass" name="testMethod" time="45.414"/>
  <system-out/>
  <testcase classname="mainPackage.RunnerClass" name="testMethod" time="45.280"/>
  <system-out/>
  <testcase classname="mainPackage.RunnerClass" name="testMethod" time="47.165"/>
  <system-out/>
  <testcase classname="mainPackage.RunnerClass" name="testMethod" time="45.556"/>
  <system-out/>
  <testcase classname="mainPackage.RunnerClass" name="testMethod" time="45.306"/>
  <system-out/>
  <testcase classname="mainPackage.RunnerClass" name="testMethod" time="55.505"/>
  <system-out/>
  <testcase classname="mainPackage.RunnerClass" name="testMethod" time="43.347"/>
  <system-out/>
  <testcase classname="mainPackage.RunnerClass" name="testMethod" time="48.237"/>
  <system-out/>
  <testcase classname="mainPackage.RunnerClass" name="testMethod" time="45.353"/>
  <system-out/>
  <testcase classname="mainPackage.RunnerClass" name="testMethod" time="45.606"/>
  <system-out/>
  <testcase classname="mainPackage.RunnerClass" name="testMethod" time="50.351"/>
  <system-out/>
  <testcase classname="mainPackage.RunnerClass" name="testMethod" time="45.231"/>
  <system-out/>
  <testcase classname="mainPackage.RunnerClass" name="testMethod" time="45.619"/>
  <system-out/>
  <testcase classname="mainPackage.RunnerClass" name="testMethod" time="44.546"/>
  <system-out/>
  <testcase classname="mainPackage.RunnerClass" name="testMethod" time="43.583"/>
  <system-out/>
  <testcase classname="mainPackage.RunnerClass" name="testMethod" time="45.224"/>
  <system-out/>
  <testcase classname="mainPackage.RunnerClass" name="testMethod" time="44.423"/>
  <system-out/>
  <testcase classname="mainPackage.RunnerClass" name="testMethod" time="49.487"/>
  <system-out/>
  <testcase classname="mainPackage.RunnerClass" name="testMethod" time="52.107"/>
  <system-out/>
  <testcase classname="mainPackage.RunnerClass" name="testMethod" time="44.807"/>
  <system-out/>
  <testcase classname="mainPackage.RunnerClass" name="testMethod" time="43.619"/>
  <system-out/>
  <testcase classname="mainPackage.RunnerClass" name="testMethod" time="47.280"/>
  <system-out/>
  <testcase classname="mainPackage.RunnerClass" name="testMethod" time="44.075"/>
  <system-out/>
  <testcase classname="mainPackage.RunnerClass" name="testMethod" time="45.454"/>
  <system-out/>
  <testcase classname="mainPackage.RunnerClass" name="testMethod" time="46.682"/>
  <system-out/>
  <testcase classname="mainPackage.RunnerClass" name="testMethod" time="43.848"/>
  <system-out/>
  <testcase classname="mainPackage.RunnerClass" name="testMethod" time="46.084"/>
  <system-out/>
  <testcase classname="mainPackage.RunnerClass" name="testMethod" time="46.329"/>
  <system-out/>
  <testcase classname="mainPackage.RunnerClass" name="testMethod" time="46.393"/>
  <system-out/>
  <testcase classname="mainPackage.RunnerClass" name="testMethod" time="62.064"/>
  <system-out/>
  <testcase classname="mainPackage.RunnerClass" name="testMethod" time="47.265"/>
  <system-out/>
  <testcase classname="mainPackage.RunnerClass" name="testMethod" time="46.957"/>
  <system-out/>
  <testcase classname="mainPackage.RunnerClass" name="testMethod" time="43.162"/>
  <system-out/>
  <testcase classname="mainPackage.RunnerClass" name="testMethod" time="37.453"/>
  <system-out/>
  <testcase classname="mainPackage.RunnerClass" name="testMethod" time="44.811"/>
  <system-out/>
  <testcase classname="mainPackage.RunnerClass" name="testMethod" time="45.377"/>
  <system-out/>
  <testcase classname="mainPackage.RunnerClass" name="testMethod" time="51.514"/>
  <system-out/>
  <testcase classname="mainPackage.RunnerClass" name="testMethod" time="46.322"/>
  <system-out/>
  <testcase classname="mainPackage.RunnerClass" name="testMethod" time="52.214"/>
  <system-out/>
  <testcase classname="mainPackage.RunnerClass" name="testMethod" time="43.859"/>
  <system-out/>
  <testcase classname="mainPackage.RunnerClass" name="testMethod" time="46.205"/>
  <system-out/>
  <testcase classname="mainPackage.RunnerClass" name="testMethod" time="47.633"/>
  <system-out/>
  <testcase classname="mainPackage.RunnerClass" name="testMethod" time="48.737"/>
  <system-out/>
  <testcase classname="mainPackage.RunnerClass" name="testMethod" time="46.307"/>
  <system-out/>
  <testcase classname="mainPackage.RunnerClass" name="testMethod" time="44.143"/>
  <system-out/>
  <testcase classname="mainPackage.RunnerClass" name="testMethod" time="55.140"/>
  <system-out/>
  <testcase classname="mainPackage.RunnerClass" name="testMethod" time="49.264"/>
  <system-out/>
  <testcase classname="mainPackage.RunnerClass" name="testMethod" time="49.655"/>
  <system-out/>
  <testcase classname="mainPackage.RunnerClass" name="testMethod" time="44.210"/>
  <system-out/>
  <testcase classname="mainPackage.RunnerClass" name="testMethod" time="54.657"/>
  <system-out/>
  <testcase classname="mainPackage.RunnerClass" name="testMethod" time="45.784"/>
  <system-out/>
  <testcase classname="mainPackage.RunnerClass" name="testMethod" time="46.060"/>
  <system-out/>
  <testcase classname="mainPackage.RunnerClass" name="testMethod" time="46.432"/>
  <system-out/>
  <testcase classname="mainPackage.RunnerClass" name="testMethod" time="70.243"/>
  <system-out/>
  <testcase classname="mainPackage.RunnerClass" name="testMethod" time="44.640"/>
  <system-out/>
  <testcase classname="mainPackage.RunnerClass" name="testMethod" time="45.761"/>
  <system-out/>
  <testcase classname="mainPackage.RunnerClass" name="testMethod" time="45.980"/>
  <system-out/>
  <testcase classname="mainPackage.RunnerClass" name="testMethod" time="44.619"/>
  <system-out/>
  <testcase classname="mainPackage.RunnerClass" name="testMethod" time="45.086"/>
  <system-out/>
  <testcase classname="mainPackage.RunnerClass" name="testMethod" time="48.914"/>
  <system-out/>
  <testcase classname="mainPackage.RunnerClass" name="testMethod" time="44.590"/>
  <system-out/>
  <testcase classname="mainPackage.RunnerClass" name="testMethod" time="46.046"/>
  <system-out/>
  <testcase classname="mainPackage.RunnerClass" name="testMethod" time="50.160"/>
  <system-out/>
  <testcase classname="mainPackage.RunnerClass" name="testMethod" time="51.014"/>
  <system-out/>
  <testcase classname="mainPackage.RunnerClass" name="testMethod" time="44.429"/>
  <system-out/>
  <testcase classname="mainPackage.RunnerClass" name="testMethod" time="45.276"/>
  <system-out/>
  <testcase classname="mainPackage.RunnerClass" name="testMethod" time="44.717"/>
  <system-out/>
  <testcase classname="mainPackage.RunnerClass" name="testMethod" time="54.700"/>
  <system-out/>
  <testcase classname="mainPackage.RunnerClass" name="testMethod" time="56.031"/>
  <system-out/>
  <testcase classname="mainPackage.RunnerClass" name="testMethod" time="45.766"/>
  <system-out/>
  <testcase classname="mainPackage.RunnerClass" name="testMethod" time="51.392"/>
  <system-out/>
  <testcase classname="mainPackage.RunnerClass" name="testMethod" time="46.652"/>
  <system-out/>
  <testcase classname="mainPackage.RunnerClass" name="testMethod" time="59.475"/>
  <system-out/>
  <testcase classname="mainPackage.RunnerClass" name="testMethod" time="45.588"/>
  <system-out/>
  <testcase classname="mainPackage.RunnerClass" name="testMethod" time="47.263"/>
  <system-out/>
  <testcase classname="mainPackage.RunnerClass" name="testMethod" time="46.504"/>
  <system-out/>
  <testcase classname="mainPackage.RunnerClass" name="testMethod" time="47.486"/>
  <system-out/>
  <testcase classname="mainPackage.RunnerClass" name="testMethod" time="47.942"/>
  <system-out/>
  <testcase classname="mainPackage.RunnerClass" name="testMethod" time="46.144"/>
  <system-out/>
  <testcase classname="mainPackage.RunnerClass" name="testMethod" time="46.278"/>
  <system-out/>
  <testcase classname="mainPackage.RunnerClass" name="testMethod" time="45.402"/>
  <system-out/>
  <testcase classname="mainPackage.RunnerClass" name="testMethod" time="45.237"/>
  <system-out/>
  <testcase classname="mainPackage.RunnerClass" name="testMethod" time="53.102"/>
  <system-out/>
  <testcase classname="mainPackage.RunnerClass" name="testMethod" time="46.906"/>
  <system-out/>
  <testcase classname="mainPackage.RunnerClass" name="testMethod" time="45.269"/>
  <system-out/>
  <testcase classname="mainPackage.RunnerClass" name="testMethod" time="50.338"/>
  <system-out/>
  <testcase classname="mainPackage.RunnerClass" name="testMethod" time="44.555"/>
  <system-out/>
  <testcase classname="mainPackage.RunnerClass" name="testMethod" time="46.403"/>
  <system-out/>
  <testcase classname="mainPackage.RunnerClass" name="testMethod" time="44.510"/>
  <system-out/>
  <testcase classname="mainPackage.RunnerClass" name="testMethod" time="50.721"/>
  <system-out/>
  <testcase classname="mainPackage.RunnerClass" name="testMethod" time="45.842"/>
  <system-out/>
  <testcase classname="mainPackage.RunnerClass" name="testMethod" time="58.286"/>
  <system-out/>
  <testcase classname="mainPackage.RunnerClass" name="testMethod" time="46.468"/>
  <system-out/>
  <testcase classname="mainPackage.RunnerClass" name="testMethod" time="45.172"/>
  <system-out/>
  <testcase classname="mainPackage.RunnerClass" name="testMethod" time="44.980"/>
  <system-out/>
  <testcase classname="mainPackage.RunnerClass" name="testMethod" time="56.574"/>
  <system-out/>
  <testcase classname="mainPackage.RunnerClass" name="testMethod" time="44.390"/>
  <system-out/>
  <testcase classname="mainPackage.RunnerClass" name="testMethod" time="44.464"/>
  <system-out/>
  <testcase classname="mainPackage.RunnerClass" name="testMethod" time="43.874"/>
  <system-out/>
  <testcase classname="mainPackage.RunnerClass" name="testMethod" time="50.083"/>
  <system-out/>
  <testcase classname="mainPackage.RunnerClass" name="testMethod" time="46.249"/>
  <system-out/>
  <testcase classname="mainPackage.RunnerClass" name="testMethod" time="45.000"/>
  <system-out/>
  <testcase classname="mainPackage.RunnerClass" name="testMethod" time="44.180"/>
  <system-out/>
  <testcase classname="mainPackage.RunnerClass" name="testMethod" time="46.985"/>
  <system-out/>
  <testcase classname="mainPackage.RunnerClass" name="testMethod" time="63.176"/>
  <system-out/>
  <testcase classname="mainPackage.RunnerClass" name="testMethod" time="47.365"/>
  <system-out/>
  <testcase classname="mainPackage.RunnerClass" name="testMethod" time="46.090"/>
  <system-out/>
  <testcase classname="mainPackage.RunnerClass" name="testMethod" time="48.399"/>
  <system-out/>
  <testcase classname="mainPackage.RunnerClass" name="testMethod" time="44.892"/>
  <system-out/>
  <testcase classname="mainPackage.RunnerClass" name="testMethod" time="43.109"/>
  <system-out/>
  <testcase classname="mainPackage.RunnerClass" name="testMethod" time="43.773"/>
  <system-out/>
  <testcase classname="mainPackage.RunnerClass" name="testMethod" time="47.110"/>
  <system-out/>
  <testcase classname="mainPackage.RunnerClass" name="testMethod" time="67.900"/>
  <system-out/>
  <testcase classname="mainPackage.RunnerClass" name="testMethod" time="47.155"/>
  <system-out/>
  <testcase classname="mainPackage.RunnerClass" name="testMethod" time="44.159"/>
  <system-out/>
  <testcase classname="mainPackage.RunnerClass" name="testMethod" time="43.644"/>
  <system-out/>
  <testcase classname="mainPackage.RunnerClass" name="testMethod" time="55.451"/>
  <system-out/>
  <testcase classname="mainPackage.RunnerClass" name="testMethod" time="50.114"/>
  <system-out/>
  <testcase classname="mainPackage.RunnerClass" name="testMethod" time="44.763"/>
  <system-out/>
  <testcase classname="mainPackage.RunnerClass" name="testMethod" time="45.344"/>
  <system-out/>
  <testcase classname="mainPackage.RunnerClass" name="testMethod" time="44.614"/>
  <system-out/>
  <testcase classname="mainPackage.RunnerClass" name="testMethod" time="44.309"/>
  <system-out/>
  <testcase classname="mainPackage.RunnerClass" name="testMethod" time="45.277"/>
  <system-out/>
  <testcase classname="mainPackage.RunnerClass" name="testMethod" time="44.518"/>
  <system-out/>
  <testcase classname="mainPackage.RunnerClass" name="testMethod" time="43.256"/>
  <system-out/>
  <testcase classname="mainPackage.RunnerClass" name="testMethod" time="44.674"/>
  <system-out/>
  <testcase classname="mainPackage.RunnerClass" name="testMethod" time="43.844"/>
  <system-out/>
  <testcase classname="mainPackage.RunnerClass" name="testMethod" time="48.360"/>
  <system-out/>
  <testcase classname="mainPackage.RunnerClass" name="testMethod" time="43.201"/>
  <system-out/>
  <testcase classname="mainPackage.RunnerClass" name="testMethod" time="44.161"/>
  <system-out/>
  <testcase classname="mainPackage.RunnerClass" name="testMethod" time="46.001"/>
  <system-out/>
  <testcase classname="mainPackage.RunnerClass" name="testMethod" time="46.235"/>
  <system-out/>
  <testcase classname="mainPackage.RunnerClass" name="testMethod" time="50.736"/>
  <system-out/>
  <testcase classname="mainPackage.RunnerClass" name="testMethod" time="44.085"/>
  <system-out/>
  <testcase classname="mainPackage.RunnerClass" name="testMethod" time="49.137"/>
  <system-out/>
  <testcase classname="mainPackage.RunnerClass" name="testMethod" time="43.936"/>
  <system-out/>
  <testcase classname="mainPackage.RunnerClass" name="testMethod" time="46.161"/>
  <system-out/>
  <testcase classname="mainPackage.RunnerClass" name="testMethod" time="46.576"/>
  <system-out/>
  <testcase classname="mainPackage.RunnerClass" name="testMethod" time="45.520"/>
  <system-out/>
  <testcase classname="mainPackage.RunnerClass" name="testMethod" time="45.485"/>
  <system-out/>
  <testcase classname="mainPackage.RunnerClass" name="testMethod" time="49.876"/>
  <system-out/>
  <testcase classname="mainPackage.RunnerClass" name="testMethod" time="46.514"/>
  <system-out/>
  <testcase classname="mainPackage.RunnerClass" name="testMethod" time="44.210"/>
  <system-out/>
  <testcase classname="mainPackage.RunnerClass" name="testMethod" time="55.491"/>
  <system-out/>
  <testcase classname="mainPackage.RunnerClass" name="testMethod" time="55.291"/>
  <system-out/>
  <testcase classname="mainPackage.RunnerClass" name="testMethod" time="44.739"/>
  <system-out/>
  <testcase classname="mainPackage.RunnerClass" name="testMethod" time="45.421"/>
  <system-out/>
  <testcase classname="mainPackage.RunnerClass" name="testMethod" time="44.512"/>
  <system-out/>
  <testcase classname="mainPackage.RunnerClass" name="testMethod" time="50.338"/>
  <system-out/>
  <testcase classname="mainPackage.RunnerClass" name="testMethod" time="45.228"/>
  <system-out/>
  <testcase classname="mainPackage.RunnerClass" name="testMethod" time="48.638"/>
  <system-out/>
  <testcase classname="mainPackage.RunnerClass" name="testMethod" time="46.014"/>
  <system-out/>
  <testcase classname="mainPackage.RunnerClass" name="testMethod" time="44.865"/>
  <system-out/>
  <testcase classname="mainPackage.RunnerClass" name="testMethod" time="50.822"/>
  <system-out/>
  <testcase classname="mainPackage.RunnerClass" name="testMethod" time="44.052"/>
  <system-out/>
  <testcase classname="mainPackage.RunnerClass" name="testMethod" time="54.515"/>
  <system-out/>
  <testcase classname="mainPackage.RunnerClass" name="testMethod" time="45.223"/>
  <system-out/>
  <testcase classname="mainPackage.RunnerClass" name="testMethod" time="55.205"/>
  <system-out/>
  <testcase classname="mainPackage.RunnerClass" name="testMethod" time="46.635"/>
  <system-out/>
  <testcase classname="mainPackage.RunnerClass" name="testMethod" time="46.072"/>
  <system-out/>
  <testcase classname="mainPackage.RunnerClass" name="testMethod" time="42.839"/>
  <system-out/>
  <testcase classname="mainPackage.RunnerClass" name="testMethod" time="43.860"/>
  <system-out/>
  <testcase classname="mainPackage.RunnerClass" name="testMethod" time="43.563"/>
  <system-out/>
  <testcase classname="mainPackage.RunnerClass" name="testMethod" time="57.033"/>
  <system-out/>
  <testcase classname="mainPackage.RunnerClass" name="testMethod" time="44.099"/>
  <system-out/>
  <testcase classname="mainPackage.RunnerClass" name="testMethod" time="50.326"/>
  <system-out/>
  <testcase classname="mainPackage.RunnerClass" name="testMethod" time="50.522"/>
  <system-out/>
  <testcase classname="mainPackage.RunnerClass" name="testMethod" time="45.686"/>
  <system-out/>
  <testcase classname="mainPackage.RunnerClass" name="testMethod" time="46.450"/>
  <system-out/>
  <testcase classname="mainPackage.RunnerClass" name="testMethod" time="46.954"/>
  <system-out/>
  <testcase classname="mainPackage.RunnerClass" name="testMethod" time="47.261"/>
  <system-out/>
  <testcase classname="mainPackage.RunnerClass" name="testMethod" time="46.898"/>
  <system-out/>
  <testcase classname="mainPackage.RunnerClass" name="testMethod" time="45.310"/>
  <system-out/>
  <testcase classname="mainPackage.RunnerClass" name="testMethod" time="48.922"/>
  <system-out/>
  <testcase classname="mainPackage.RunnerClass" name="testMethod" time="55.712"/>
  <system-out/>
  <testcase classname="mainPackage.RunnerClass" name="testMethod" time="44.950"/>
  <system-out/>
  <testcase classname="mainPackage.RunnerClass" name="testMethod" time="43.856"/>
  <system-out/>
  <testcase classname="mainPackage.RunnerClass" name="testMethod" time="48.175"/>
  <system-out/>
  <testcase classname="mainPackage.RunnerClass" name="testMethod" time="47.877"/>
  <system-out/>
  <testcase classname="mainPackage.RunnerClass" name="testMethod" time="38.514"/>
  <system-out/>
  <testcase classname="mainPackage.RunnerClass" name="testMethod" time="48.684"/>
  <system-out/>
  <testcase classname="mainPackage.RunnerClass" name="testMethod" time="49.980"/>
  <system-out/>
  <testcase classname="mainPackage.RunnerClass" name="testMethod" time="47.094"/>
  <system-out/>
  <testcase classname="mainPackage.RunnerClass" name="testMethod" time="44.727"/>
  <system-out/>
  <testcase classname="mainPackage.RunnerClass" name="testMethod" time="45.748"/>
  <system-out/>
  <testcase classname="mainPackage.RunnerClass" name="testMethod" time="42.547"/>
  <system-out/>
  <testcase classname="mainPackage.RunnerClass" name="testMethod" time="45.420"/>
  <system-out/>
  <testcase classname="mainPackage.RunnerClass" name="testMethod" time="44.366"/>
  <system-out/>
  <testcase classname="mainPackage.RunnerClass" name="testMethod" time="44.417"/>
  <system-out/>
  <testcase classname="mainPackage.RunnerClass" name="testMethod" time="44.460"/>
  <system-out/>
  <testcase classname="mainPackage.RunnerClass" name="testMethod" time="45.243"/>
  <system-out/>
  <testcase classname="mainPackage.RunnerClass" name="testMethod" time="45.664"/>
  <system-out/>
  <testcase classname="mainPackage.RunnerClass" name="testMethod" time="49.462"/>
  <system-out/>
  <testcase classname="mainPackage.RunnerClass" name="testMethod" time="51.779"/>
  <system-out/>
  <testcase classname="mainPackage.RunnerClass" name="testMethod" time="44.492"/>
  <system-out/>
  <testcase classname="mainPackage.RunnerClass" name="testMethod" time="45.074"/>
  <system-out/>
  <testcase classname="mainPackage.RunnerClass" name="testMethod" time="44.435"/>
  <system-out/>
  <testcase classname="mainPackage.RunnerClass" name="testMethod" time="49.930"/>
  <system-out/>
  <testcase classname="mainPackage.RunnerClass" name="testMethod" time="46.593"/>
  <system-out/>
  <testcase classname="mainPackage.RunnerClass" name="testMethod" time="46.876"/>
  <system-out/>
  <testcase classname="mainPackage.RunnerClass" name="testMethod" time="45.683"/>
  <system-out/>
  <testcase classname="mainPackage.RunnerClass" name="testMethod" time="47.995"/>
  <system-out/>
  <testcase classname="mainPackage.RunnerClass" name="testMethod" time="43.553"/>
  <system-out/>
  <testcase classname="mainPackage.RunnerClass" name="testMethod" time="59.434"/>
  <system-out/>
  <testcase classname="mainPackage.RunnerClass" name="testMethod" time="58.094"/>
  <system-out/>
  <testcase classname="mainPackage.RunnerClass" name="testMethod" time="45.805"/>
  <system-out/>
  <testcase classname="mainPackage.RunnerClass" name="testMethod" time="51.330"/>
  <system-out/>
  <testcase classname="mainPackage.RunnerClass" name="testMethod" time="46.899"/>
  <system-out/>
  <testcase classname="mainPackage.RunnerClass" name="testMethod" time="48.442"/>
  <system-out/>
  <testcase classname="mainPackage.RunnerClass" name="testMethod" time="45.440"/>
  <system-out/>
  <testcase classname="mainPackage.RunnerClass" name="testMethod" time="52.655"/>
  <system-out/>
  <testcase classname="mainPackage.RunnerClass" name="testMethod" time="46.989"/>
  <system-out/>
  <testcase classname="mainPackage.RunnerClass" name="testMethod" time="42.845"/>
  <system-out/>
  <testcase classname="mainPackage.RunnerClass" name="testMethod" time="62.933"/>
  <system-out/>
  <testcase classname="mainPackage.RunnerClass" name="testMethod" time="46.058"/>
  <system-out/>
  <testcase classname="mainPackage.RunnerClass" name="testMethod" time="52.007"/>
  <system-out/>
  <testcase classname="mainPackage.RunnerClass" name="testMethod" time="45.264"/>
  <system-out/>
  <testcase classname="mainPackage.RunnerClass" name="testMethod" time="43.381"/>
  <system-out/>
  <testcase classname="mainPackage.RunnerClass" name="testMethod" time="45.579"/>
  <system-out/>
  <testcase classname="mainPackage.RunnerClass" name="testMethod" time="44.255"/>
  <system-out/>
  <testcase classname="mainPackage.RunnerClass" name="testMethod" time="36.460"/>
  <system-out/>
  <testcase classname="mainPackage.RunnerClass" name="testMethod" time="45.962"/>
  <system-out/>
  <testcase classname="mainPackage.RunnerClass" name="testMethod" time="44.136"/>
  <system-out/>
  <testcase classname="mainPackage.RunnerClass" name="testMethod" time="44.496"/>
  <system-out/>
  <testcase classname="mainPackage.RunnerClass" name="testMethod" time="52.843"/>
  <system-out/>
  <testcase classname="mainPackage.RunnerClass" name="testMethod" time="46.491"/>
  <system-out/>
  <testcase classname="mainPackage.RunnerClass" name="testMethod" time="56.232"/>
  <system-out/>
  <testcase classname="mainPackage.RunnerClass" name="testMethod" time="45.661"/>
  <system-out/>
  <testcase classname="mainPackage.RunnerClass" name="testMethod" time="45.866"/>
  <system-out/>
  <testcase classname="mainPackage.RunnerClass" name="testMethod" time="45.398"/>
  <system-out/>
  <testcase classname="mainPackage.RunnerClass" name="testMethod" time="52.983"/>
  <system-out/>
  <testcase classname="mainPackage.RunnerClass" name="testMethod" time="45.342"/>
  <system-out/>
  <testcase classname="mainPackage.RunnerClass" name="testMethod" time="45.848"/>
  <system-out/>
  <testcase classname="mainPackage.RunnerClass" name="testMethod" time="50.014"/>
  <system-out/>
  <testcase classname="mainPackage.RunnerClass" name="testMethod" time="45.838"/>
  <system-out/>
  <testcase classname="mainPackage.RunnerClass" name="testMethod" time="43.669"/>
  <system-out/>
  <testcase classname="mainPackage.RunnerClass" name="testMethod" time="45.691"/>
  <system-out/>
  <testcase classname="mainPackage.RunnerClass" name="testMethod" time="48.765"/>
  <system-out/>
  <testcase classname="mainPackage.RunnerClass" name="testMethod" time="44.309"/>
  <system-out/>
  <testcase classname="mainPackage.RunnerClass" name="testMethod" time="54.335"/>
  <system-out/>
  <testcase classname="mainPackage.RunnerClass" name="testMethod" time="45.154"/>
  <system-out/>
  <testcase classname="mainPackage.RunnerClass" name="testMethod" time="45.292"/>
  <system-out/>
  <testcase classname="mainPackage.RunnerClass" name="testMethod" time="43.728"/>
  <system-out/>
  <testcase classname="mainPackage.RunnerClass" name="testMethod" time="45.414"/>
  <system-out/>
  <testcase classname="mainPackage.RunnerClass" name="testMethod" time="47.045"/>
  <system-out/>
  <testcase classname="mainPackage.RunnerClass" name="testMethod" time="46.318"/>
  <system-out/>
  <testcase classname="mainPackage.RunnerClass" name="testMethod" time="45.982"/>
  <system-out/>
  <testcase classname="mainPackage.RunnerClass" name="testMethod" time="45.887"/>
  <system-out/>
  <testcase classname="mainPackage.RunnerClass" name="testMethod" time="48.203"/>
  <system-out/>
  <testcase classname="mainPackage.RunnerClass" name="testMethod" time="44.637"/>
  <system-out/>
  <testcase classname="mainPackage.RunnerClass" name="testMethod" time="43.641"/>
  <system-out/>
  <testcase classname="mainPackage.RunnerClass" name="testMethod" time="45.013"/>
  <system-out/>
  <testcase classname="mainPackage.RunnerClass" name="testMethod" time="45.303"/>
  <system-out/>
  <testcase classname="mainPackage.RunnerClass" name="testMethod" time="46.803"/>
  <system-out/>
  <testcase classname="mainPackage.RunnerClass" name="testMethod" time="56.593"/>
  <system-out/>
  <testcase classname="mainPackage.RunnerClass" name="testMethod" time="50.007"/>
  <system-out/>
  <testcase classname="mainPackage.RunnerClass" name="testMethod" time="47.304"/>
  <system-out/>
  <testcase classname="mainPackage.RunnerClass" name="testMethod" time="45.850"/>
  <system-out/>
  <testcase classname="mainPackage.RunnerClass" name="testMethod" time="44.819"/>
  <system-out/>
  <testcase classname="mainPackage.RunnerClass" name="testMethod" time="44.678"/>
  <system-out/>
  <testcase classname="mainPackage.RunnerClass" name="testMethod" time="47.042"/>
  <system-out/>
  <testcase classname="mainPackage.RunnerClass" name="testMethod" time="49.666"/>
  <system-out/>
  <testcase classname="mainPackage.RunnerClass" name="testMethod" time="57.408"/>
  <system-out/>
  <testcase classname="mainPackage.RunnerClass" name="testMethod" time="51.146"/>
  <system-out/>
  <testcase classname="mainPackage.RunnerClass" name="testMethod" time="45.890"/>
  <system-out/>
  <testcase classname="mainPackage.RunnerClass" name="testMethod" time="47.059"/>
  <system-out/>
  <testcase classname="mainPackage.RunnerClass" name="testMethod" time="45.712"/>
  <system-out/>
  <testcase classname="mainPackage.RunnerClass" name="testMethod" time="44.374"/>
  <system-out/>
  <testcase classname="mainPackage.RunnerClass" name="testMethod" time="51.653"/>
  <system-out/>
  <testcase classname="mainPackage.RunnerClass" name="testMethod" time="46.853"/>
  <system-out/>
  <testcase classname="mainPackage.RunnerClass" name="testMethod" time="43.871"/>
  <system-out/>
  <testcase classname="mainPackage.RunnerClass" name="testMethod" time="43.020"/>
  <system-out/>
  <testcase classname="mainPackage.RunnerClass" name="testMethod" time="44.903"/>
  <system-out/>
  <testcase classname="mainPackage.RunnerClass" name="testMethod" time="59.929"/>
  <system-out/>
  <testcase classname="mainPackage.RunnerClass" name="testMethod" time="51.427"/>
  <system-out/>
  <testcase classname="mainPackage.RunnerClass" name="testMethod" time="45.187"/>
  <system-out/>
  <testcase classname="mainPackage.RunnerClass" name="testMethod" time="45.526"/>
  <system-out/>
  <testcase classname="mainPackage.RunnerClass" name="testMethod" time="49.513"/>
  <system-out/>
  <testcase classname="mainPackage.RunnerClass" name="testMethod" time="44.905"/>
  <system-out/>
  <testcase classname="mainPackage.RunnerClass" name="testMethod" time="48.399"/>
  <system-out/>
  <testcase classname="mainPackage.RunnerClass" name="testMethod" time="44.977"/>
  <system-out/>
  <testcase classname="mainPackage.RunnerClass" name="testMethod" time="48.002"/>
  <system-out/>
  <testcase classname="mainPackage.RunnerClass" name="testMethod" time="59.071"/>
  <system-out/>
  <testcase classname="mainPackage.RunnerClass" name="testMethod" time="55.172"/>
  <system-out/>
  <testcase classname="mainPackage.RunnerClass" name="testMethod" time="46.884"/>
  <system-out/>
  <testcase classname="mainPackage.RunnerClass" name="testMethod" time="50.312"/>
  <system-out/>
  <testcase classname="mainPackage.RunnerClass" name="testMethod" time="49.041"/>
  <system-out/>
  <testcase classname="mainPackage.RunnerClass" name="testMethod" time="60.300"/>
  <system-out/>
  <testcase classname="mainPackage.RunnerClass" name="testMethod" time="45.774"/>
  <system-out/>
  <testcase classname="mainPackage.RunnerClass" name="testMethod" time="44.306"/>
  <system-out/>
  <testcase classname="mainPackage.RunnerClass" name="testMethod" time="44.916"/>
  <system-out/>
  <testcase classname="mainPackage.RunnerClass" name="testMethod" time="45.603"/>
  <system-out/>
  <testcase classname="mainPackage.RunnerClass" name="testMethod" time="44.099"/>
  <system-out/>
  <testcase classname="mainPackage.RunnerClass" name="testMethod" time="47.193"/>
  <system-out/>
  <testcase classname="mainPackage.RunnerClass" name="testMethod" time="47.620"/>
  <system-out/>
  <testcase classname="mainPackage.RunnerClass" name="testMethod" time="44.564"/>
  <system-out/>
  <testcase classname="mainPackage.RunnerClass" name="testMethod" time="45.449"/>
  <system-out/>
  <testcase classname="mainPackage.RunnerClass" name="testMethod" time="47.675"/>
  <system-out/>
  <testcase classname="mainPackage.RunnerClass" name="testMethod" time="50.315"/>
  <system-out/>
  <testcase classname="mainPackage.RunnerClass" name="testMethod" time="46.500"/>
  <system-out/>
  <testcase classname="mainPackage.RunnerClass" name="testMethod" time="45.039"/>
  <system-out/>
  <testcase classname="mainPackage.RunnerClass" name="testMethod" time="44.892"/>
  <system-out/>
  <testcase classname="mainPackage.RunnerClass" name="testMethod" time="47.776"/>
  <system-out/>
  <testcase classname="mainPackage.RunnerClass" name="testMethod" time="46.091"/>
  <system-out/>
  <testcase classname="mainPackage.RunnerClass" name="testMethod" time="47.901"/>
  <system-out/>
  <testcase classname="mainPackage.RunnerClass" name="testMethod" time="49.146"/>
  <system-out/>
  <testcase classname="mainPackage.RunnerClass" name="testMethod" time="47.648"/>
  <system-out/>
  <testcase classname="mainPackage.RunnerClass" name="testMethod" time="44.056"/>
  <system-out/>
  <testcase classname="mainPackage.RunnerClass" name="testMethod" time="60.363"/>
  <system-out/>
  <testcase classname="mainPackage.RunnerClass" name="testMethod" time="57.264"/>
  <system-out/>
  <testcase classname="mainPackage.RunnerClass" name="testMethod" time="43.586"/>
  <system-out/>
  <testcase classname="mainPackage.RunnerClass" name="testMethod" time="49.615"/>
  <system-out/>
  <testcase classname="mainPackage.RunnerClass" name="testMethod" time="45.616"/>
  <system-out/>
  <testcase classname="mainPackage.RunnerClass" name="testMethod" time="45.495"/>
  <system-out/>
  <testcase classname="mainPackage.RunnerClass" name="testMethod" time="54.426"/>
  <system-out/>
  <testcase classname="mainPackage.RunnerClass" name="testMethod" time="46.652"/>
  <system-out/>
  <testcase classname="mainPackage.RunnerClass" name="testMethod" time="60.808"/>
  <system-out/>
  <testcase classname="mainPackage.RunnerClass" name="testMethod" time="45.250"/>
  <system-out/>
  <testcase classname="mainPackage.RunnerClass" name="testMethod" time="51.370"/>
  <system-out/>
  <testcase classname="mainPackage.RunnerClass" name="testMethod" time="46.128"/>
  <system-out/>
  <testcase classname="mainPackage.RunnerClass" name="testMethod" time="52.957"/>
  <system-out/>
  <testcase classname="mainPackage.RunnerClass" name="testMethod" time="46.714"/>
  <system-out/>
  <testcase classname="mainPackage.RunnerClass" name="testMethod" time="51.958"/>
  <system-out/>
  <testcase classname="mainPackage.RunnerClass" name="testMethod" time="44.241"/>
  <system-out/>
  <testcase classname="mainPackage.RunnerClass" name="testMethod" time="48.118"/>
  <system-out/>
  <testcase classname="mainPackage.RunnerClass" name="testMethod" time="44.654"/>
  <system-out/>
  <testcase classname="mainPackage.RunnerClass" name="testMethod" time="50.193"/>
  <system-out/>
  <testcase classname="mainPackage.RunnerClass" name="testMethod" time="52.806"/>
  <system-out/>
  <testcase classname="mainPackage.RunnerClass" name="testMethod" time="46.045"/>
  <system-out/>
  <testcase classname="mainPackage.RunnerClass" name="testMethod" time="63.908"/>
  <system-out/>
  <testcase classname="mainPackage.RunnerClass" name="testMethod" time="43.533"/>
  <system-out/>
  <testcase classname="mainPackage.RunnerClass" name="testMethod" time="46.064"/>
  <system-out/>
  <testcase classname="mainPackage.RunnerClass" name="testMethod" time="40.043"/>
  <system-out/>
  <testcase classname="mainPackage.RunnerClass" name="testMethod" time="44.093"/>
  <system-out/>
  <testcase classname="mainPackage.RunnerClass" name="testMethod" time="46.709"/>
  <system-out/>
  <testcase classname="mainPackage.RunnerClass" name="testMethod" time="45.068"/>
  <system-out/>
  <testcase classname="mainPackage.RunnerClass" name="testMethod" time="48.893"/>
  <system-out/>
  <testcase classname="mainPackage.RunnerClass" name="testMethod" time="45.380"/>
  <system-out/>
  <testcase classname="mainPackage.RunnerClass" name="testMethod" time="45.351"/>
  <system-out/>
  <testcase classname="mainPackage.RunnerClass" name="testMethod" time="46.258"/>
  <system-out/>
  <testcase classname="mainPackage.RunnerClass" name="testMethod" time="45.200"/>
  <system-out/>
  <testcase classname="mainPackage.RunnerClass" name="testMethod" time="43.383"/>
  <system-out/>
  <testcase classname="mainPackage.RunnerClass" name="testMethod" time="45.713"/>
  <system-out/>
  <testcase classname="mainPackage.RunnerClass" name="testMethod" time="43.888"/>
  <system-out/>
  <testcase classname="mainPackage.RunnerClass" name="testMethod" time="50.779"/>
  <system-out/>
  <testcase classname="mainPackage.RunnerClass" name="testMethod" time="49.650"/>
  <system-out/>
  <testcase classname="mainPackage.RunnerClass" name="testMethod" time="44.169"/>
  <system-out/>
  <testcase classname="mainPackage.RunnerClass" name="testMethod" time="55.812"/>
  <system-out/>
  <testcase classname="mainPackage.RunnerClass" name="testMethod" time="45.711"/>
  <system-out/>
  <testcase classname="mainPackage.RunnerClass" name="testMethod" time="46.369"/>
  <system-out/>
  <testcase classname="mainPackage.RunnerClass" name="testMethod" time="43.786"/>
  <system-out/>
  <testcase classname="mainPackage.RunnerClass" name="testMethod" time="46.018"/>
  <system-out/>
  <testcase classname="mainPackage.RunnerClass" name="testMethod" time="43.153"/>
  <system-out/>
  <testcase classname="mainPackage.RunnerClass" name="testMethod" time="51.447"/>
  <system-out/>
  <testcase classname="mainPackage.RunnerClass" name="testMethod" time="43.837"/>
  <system-out/>
  <testcase classname="mainPackage.RunnerClass" name="testMethod" time="48.144"/>
  <system-out/>
  <testcase classname="mainPackage.RunnerClass" name="testMethod" time="47.807"/>
  <system-out/>
  <testcase classname="mainPackage.RunnerClass" name="testMethod" time="49.082"/>
  <system-out/>
  <testcase classname="mainPackage.RunnerClass" name="testMethod" time="45.749"/>
  <system-out/>
  <testcase classname="mainPackage.RunnerClass" name="testMethod" time="44.285"/>
  <system-out/>
  <testcase classname="mainPackage.RunnerClass" name="testMethod" time="47.429"/>
  <system-out/>
  <testcase classname="mainPackage.RunnerClass" name="testMethod" time="43.623"/>
  <system-out/>
  <testcase classname="mainPackage.RunnerClass" name="testMethod" time="46.578"/>
  <system-out/>
  <testcase classname="mainPackage.RunnerClass" name="testMethod" time="44.326"/>
  <system-out/>
  <testcase classname="mainPackage.RunnerClass" name="testMethod" time="46.525"/>
  <system-out/>
  <testcase classname="mainPackage.RunnerClass" name="testMethod" time="45.285"/>
  <system-out/>
  <testcase classname="mainPackage.RunnerClass" name="testMethod" time="44.840"/>
  <system-out/>
  <testcase classname="mainPackage.RunnerClass" name="testMethod" time="47.010"/>
  <system-out/>
  <testcase classname="mainPackage.RunnerClass" name="testMethod" time="44.031"/>
  <system-out/>
  <testcase classname="mainPackage.RunnerClass" name="testMethod" time="44.974"/>
  <system-out/>
  <testcase classname="mainPackage.RunnerClass" name="testMethod" time="50.237"/>
  <system-out/>
  <testcase classname="mainPackage.RunnerClass" name="testMethod" time="44.400"/>
  <system-out/>
  <testcase classname="mainPackage.RunnerClass" name="testMethod" time="48.175"/>
  <system-out/>
  <testcase classname="mainPackage.RunnerClass" name="testMethod" time="49.308"/>
  <system-out/>
  <testcase classname="mainPackage.RunnerClass" name="testMethod" time="52.573"/>
  <system-out/>
  <testcase classname="mainPackage.RunnerClass" name="testMethod" time="55.901"/>
  <system-out/>
  <testcase classname="mainPackage.RunnerClass" name="testMethod" time="44.242"/>
  <system-out/>
  <testcase classname="mainPackage.RunnerClass" name="testMethod" time="45.039"/>
  <system-out/>
  <testcase classname="mainPackage.RunnerClass" name="testMethod" time="45.567"/>
  <system-out/>
  <testcase classname="mainPackage.RunnerClass" name="testMethod" time="44.489"/>
  <system-out/>
  <testcase classname="mainPackage.RunnerClass" name="testMethod" time="54.931"/>
  <system-out/>
  <testcase classname="mainPackage.RunnerClass" name="testMethod" time="47.065"/>
  <system-out/>
  <testcase classname="mainPackage.RunnerClass" name="testMethod" time="45.364"/>
  <system-out/>
  <testcase classname="mainPackage.RunnerClass" name="testMethod" time="44.861"/>
  <system-out/>
  <testcase classname="mainPackage.RunnerClass" name="testMethod" time="60.466"/>
  <system-out/>
  <testcase classname="mainPackage.RunnerClass" name="testMethod" time="44.176"/>
  <system-out/>
  <testcase classname="mainPackage.RunnerClass" name="testMethod" time="46.141"/>
  <system-out/>
  <testcase classname="mainPackage.RunnerClass" name="testMethod" time="47.269"/>
  <system-out/>
  <testcase classname="mainPackage.RunnerClass" name="testMethod" time="43.518"/>
  <system-out/>
  <testcase classname="mainPackage.RunnerClass" name="testMethod" time="43.621"/>
  <system-out/>
  <testcase classname="mainPackage.RunnerClass" name="testMethod" time="40.994"/>
  <system-out/>
  <testcase classname="mainPackage.RunnerClass" name="testMethod" time="49.236"/>
  <system-out/>
  <testcase classname="mainPackage.RunnerClass" name="testMethod" time="44.911"/>
  <system-out/>
  <testcase classname="mainPackage.RunnerClass" name="testMethod" time="48.965"/>
  <system-out/>
  <testcase classname="mainPackage.RunnerClass" name="testMethod" time="45.309"/>
  <system-out/>
  <testcase classname="mainPackage.RunnerClass" name="testMethod" time="44.499"/>
  <system-out/>
  <testcase classname="mainPackage.RunnerClass" name="testMethod" time="45.863"/>
  <system-out/>
  <testcase classname="mainPackage.RunnerClass" name="testMethod" time="49.049"/>
  <system-out/>
  <testcase classname="mainPackage.RunnerClass" name="testMethod" time="53.238"/>
  <system-out/>
  <testcase classname="mainPackage.RunnerClass" name="testMethod" time="54.671"/>
  <system-out/>
  <testcase classname="mainPackage.RunnerClass" name="testMethod" time="45.241"/>
  <system-out/>
  <testcase classname="mainPackage.RunnerClass" name="testMethod" time="62.173"/>
  <system-out/>
  <testcase classname="mainPackage.RunnerClass" name="testMethod" time="49.203"/>
  <system-out/>
  <testcase classname="mainPackage.RunnerClass" name="testMethod" time="46.849"/>
  <system-out/>
  <testcase classname="mainPackage.RunnerClass" name="testMethod" time="46.353"/>
  <system-out/>
  <testcase classname="mainPackage.RunnerClass" name="testMethod" time="51.799"/>
  <system-out/>
  <testcase classname="mainPackage.RunnerClass" name="testMethod" time="53.855"/>
  <system-out/>
  <testcase classname="mainPackage.RunnerClass" name="testMethod" time="45.365"/>
  <system-out/>
  <testcase classname="mainPackage.RunnerClass" name="testMethod" time="48.888"/>
  <system-out/>
  <testcase classname="mainPackage.RunnerClass" name="testMethod" time="44.918"/>
  <system-out/>
  <testcase classname="mainPackage.RunnerClass" name="testMethod" time="45.809"/>
  <system-out/>
  <testcase classname="mainPackage.RunnerClass" name="testMethod" time="43.742"/>
  <system-out/>
  <testcase classname="mainPackage.RunnerClass" name="testMethod" time="45.912"/>
  <system-out/>
  <testcase classname="mainPackage.RunnerClass" name="testMethod" time="44.118"/>
  <system-out/>
  <testcase classname="mainPackage.RunnerClass" name="testMethod" time="46.836"/>
  <system-out/>
  <testcase classname="mainPackage.RunnerClass" name="testMethod" time="59.118"/>
  <system-out/>
  <testcase classname="mainPackage.RunnerClass" name="testMethod" time="46.804"/>
  <system-out/>
  <testcase classname="mainPackage.RunnerClass" name="testMethod" time="45.297"/>
  <system-out/>
  <testcase classname="mainPackage.RunnerClass" name="testMethod" time="46.109"/>
  <system-out/>
  <testcase classname="mainPackage.RunnerClass" name="testMethod" time="41.917"/>
  <system-out/>
  <testcase classname="mainPackage.RunnerClass" name="testMethod" time="44.526"/>
  <system-out/>
  <testcase classname="mainPackage.RunnerClass" name="testMethod" time="50.475"/>
  <system-out/>
  <testcase classname="mainPackage.RunnerClass" name="testMethod" time="51.769"/>
  <system-out/>
  <testcase classname="mainPackage.RunnerClass" name="testMethod" time="44.268"/>
  <system-out/>
  <testcase classname="mainPackage.RunnerClass" name="testMethod" time="44.066"/>
  <system-out/>
</testsuite> <!-- mainPackage.RunnerClass -->
