<?xml version="1.0" encoding="UTF-8"?>
<!-- Generated by org.testng.reporters.JUnitReportReporter -->
<testsuite hostname="LPDEV01" failures="0" tests="1" name="mainPackage.RunnerClass" time="595.516" errors="0" timestamp="2024-02-13T12:09:19 IST" skipped="0">
  <testcase classname="mainPackage.RunnerClass" name="testMethod" time="595.516"/>
  <system-out/>
</testsuite> <!-- mainPackage.RunnerClass -->
