<?xml version="1.0" encoding="UTF-8"?>
<!-- Generated by org.testng.reporters.JUnitReportReporter -->
<testsuite hostname="LPDEV01" failures="0" tests="336" name="mainPackage.RunnerClass" time="17617.578" errors="0" timestamp="2024-03-08T12:36:00 IST" skipped="0">
  <testcase classname="mainPackage.RunnerClass" name="testMethod" time="48.424"/>
  <system-out/>
  <testcase classname="mainPackage.RunnerClass" name="testMethod" time="49.670"/>
  <system-out/>
  <testcase classname="mainPackage.RunnerClass" name="testMethod" time="49.296"/>
  <system-out/>
  <testcase classname="mainPackage.RunnerClass" name="testMethod" time="52.136"/>
  <system-out/>
  <testcase classname="mainPackage.RunnerClass" name="testMethod" time="70.470"/>
  <system-out/>
  <testcase classname="mainPackage.RunnerClass" name="testMethod" time="49.345"/>
  <system-out/>
  <testcase classname="mainPackage.RunnerClass" name="testMethod" time="49.726"/>
  <system-out/>
  <testcase classname="mainPackage.RunnerClass" name="testMethod" time="56.200"/>
  <system-out/>
  <testcase classname="mainPackage.RunnerClass" name="testMethod" time="50.712"/>
  <system-out/>
  <testcase classname="mainPackage.RunnerClass" name="testMethod" time="52.616"/>
  <system-out/>
  <testcase classname="mainPackage.RunnerClass" name="testMethod" time="50.364"/>
  <system-out/>
  <testcase classname="mainPackage.RunnerClass" name="testMethod" time="51.556"/>
  <system-out/>
  <testcase classname="mainPackage.RunnerClass" name="testMethod" time="52.109"/>
  <system-out/>
  <testcase classname="mainPackage.RunnerClass" name="testMethod" time="53.279"/>
  <system-out/>
  <testcase classname="mainPackage.RunnerClass" name="testMethod" time="48.885"/>
  <system-out/>
  <testcase classname="mainPackage.RunnerClass" name="testMethod" time="50.195"/>
  <system-out/>
  <testcase classname="mainPackage.RunnerClass" name="testMethod" time="53.309"/>
  <system-out/>
  <testcase classname="mainPackage.RunnerClass" name="testMethod" time="56.372"/>
  <system-out/>
  <testcase classname="mainPackage.RunnerClass" name="testMethod" time="49.895"/>
  <system-out/>
  <testcase classname="mainPackage.RunnerClass" name="testMethod" time="49.933"/>
  <system-out/>
  <testcase classname="mainPackage.RunnerClass" name="testMethod" time="53.386"/>
  <system-out/>
  <testcase classname="mainPackage.RunnerClass" name="testMethod" time="52.418"/>
  <system-out/>
  <testcase classname="mainPackage.RunnerClass" name="testMethod" time="49.436"/>
  <system-out/>
  <testcase classname="mainPackage.RunnerClass" name="testMethod" time="52.929"/>
  <system-out/>
  <testcase classname="mainPackage.RunnerClass" name="testMethod" time="49.849"/>
  <system-out/>
  <testcase classname="mainPackage.RunnerClass" name="testMethod" time="59.998"/>
  <system-out/>
  <testcase classname="mainPackage.RunnerClass" name="testMethod" time="51.873"/>
  <system-out/>
  <testcase classname="mainPackage.RunnerClass" name="testMethod" time="49.258"/>
  <system-out/>
  <testcase classname="mainPackage.RunnerClass" name="testMethod" time="47.293"/>
  <system-out/>
  <testcase classname="mainPackage.RunnerClass" name="testMethod" time="51.173"/>
  <system-out/>
  <testcase classname="mainPackage.RunnerClass" name="testMethod" time="50.044"/>
  <system-out/>
  <testcase classname="mainPackage.RunnerClass" name="testMethod" time="49.075"/>
  <system-out/>
  <testcase classname="mainPackage.RunnerClass" name="testMethod" time="49.896"/>
  <system-out/>
  <testcase classname="mainPackage.RunnerClass" name="testMethod" time="53.275"/>
  <system-out/>
  <testcase classname="mainPackage.RunnerClass" name="testMethod" time="54.631"/>
  <system-out/>
  <testcase classname="mainPackage.RunnerClass" name="testMethod" time="49.412"/>
  <system-out/>
  <testcase classname="mainPackage.RunnerClass" name="testMethod" time="49.218"/>
  <system-out/>
  <testcase classname="mainPackage.RunnerClass" name="testMethod" time="49.832"/>
  <system-out/>
  <testcase classname="mainPackage.RunnerClass" name="testMethod" time="50.178"/>
  <system-out/>
  <testcase classname="mainPackage.RunnerClass" name="testMethod" time="50.166"/>
  <system-out/>
  <testcase classname="mainPackage.RunnerClass" name="testMethod" time="51.612"/>
  <system-out/>
  <testcase classname="mainPackage.RunnerClass" name="testMethod" time="50.690"/>
  <system-out/>
  <testcase classname="mainPackage.RunnerClass" name="testMethod" time="50.232"/>
  <system-out/>
  <testcase classname="mainPackage.RunnerClass" name="testMethod" time="49.352"/>
  <system-out/>
  <testcase classname="mainPackage.RunnerClass" name="testMethod" time="50.434"/>
  <system-out/>
  <testcase classname="mainPackage.RunnerClass" name="testMethod" time="50.742"/>
  <system-out/>
  <testcase classname="mainPackage.RunnerClass" name="testMethod" time="50.034"/>
  <system-out/>
  <testcase classname="mainPackage.RunnerClass" name="testMethod" time="73.222"/>
  <system-out/>
  <testcase classname="mainPackage.RunnerClass" name="testMethod" time="53.762"/>
  <system-out/>
  <testcase classname="mainPackage.RunnerClass" name="testMethod" time="50.721"/>
  <system-out/>
  <testcase classname="mainPackage.RunnerClass" name="testMethod" time="48.804"/>
  <system-out/>
  <testcase classname="mainPackage.RunnerClass" name="testMethod" time="55.785"/>
  <system-out/>
  <testcase classname="mainPackage.RunnerClass" name="testMethod" time="59.324"/>
  <system-out/>
  <testcase classname="mainPackage.RunnerClass" name="testMethod" time="53.587"/>
  <system-out/>
  <testcase classname="mainPackage.RunnerClass" name="testMethod" time="50.006"/>
  <system-out/>
  <testcase classname="mainPackage.RunnerClass" name="testMethod" time="61.003"/>
  <system-out/>
  <testcase classname="mainPackage.RunnerClass" name="testMethod" time="53.229"/>
  <system-out/>
  <testcase classname="mainPackage.RunnerClass" name="testMethod" time="50.399"/>
  <system-out/>
  <testcase classname="mainPackage.RunnerClass" name="testMethod" time="49.477"/>
  <system-out/>
  <testcase classname="mainPackage.RunnerClass" name="testMethod" time="48.463"/>
  <system-out/>
  <testcase classname="mainPackage.RunnerClass" name="testMethod" time="52.807"/>
  <system-out/>
  <testcase classname="mainPackage.RunnerClass" name="testMethod" time="52.865"/>
  <system-out/>
  <testcase classname="mainPackage.RunnerClass" name="testMethod" time="49.932"/>
  <system-out/>
  <testcase classname="mainPackage.RunnerClass" name="testMethod" time="52.060"/>
  <system-out/>
  <testcase classname="mainPackage.RunnerClass" name="testMethod" time="49.651"/>
  <system-out/>
  <testcase classname="mainPackage.RunnerClass" name="testMethod" time="69.344"/>
  <system-out/>
  <testcase classname="mainPackage.RunnerClass" name="testMethod" time="49.892"/>
  <system-out/>
  <testcase classname="mainPackage.RunnerClass" name="testMethod" time="48.636"/>
  <system-out/>
  <testcase classname="mainPackage.RunnerClass" name="testMethod" time="52.247"/>
  <system-out/>
  <testcase classname="mainPackage.RunnerClass" name="testMethod" time="51.089"/>
  <system-out/>
  <testcase classname="mainPackage.RunnerClass" name="testMethod" time="50.151"/>
  <system-out/>
  <testcase classname="mainPackage.RunnerClass" name="testMethod" time="50.471"/>
  <system-out/>
  <testcase classname="mainPackage.RunnerClass" name="testMethod" time="52.001"/>
  <system-out/>
  <testcase classname="mainPackage.RunnerClass" name="testMethod" time="50.585"/>
  <system-out/>
  <testcase classname="mainPackage.RunnerClass" name="testMethod" time="48.181"/>
  <system-out/>
  <testcase classname="mainPackage.RunnerClass" name="testMethod" time="48.778"/>
  <system-out/>
  <testcase classname="mainPackage.RunnerClass" name="testMethod" time="51.500"/>
  <system-out/>
  <testcase classname="mainPackage.RunnerClass" name="testMethod" time="53.122"/>
  <system-out/>
  <testcase classname="mainPackage.RunnerClass" name="testMethod" time="50.748"/>
  <system-out/>
  <testcase classname="mainPackage.RunnerClass" name="testMethod" time="50.252"/>
  <system-out/>
  <testcase classname="mainPackage.RunnerClass" name="testMethod" time="48.643"/>
  <system-out/>
  <testcase classname="mainPackage.RunnerClass" name="testMethod" time="51.547"/>
  <system-out/>
  <testcase classname="mainPackage.RunnerClass" name="testMethod" time="49.772"/>
  <system-out/>
  <testcase classname="mainPackage.RunnerClass" name="testMethod" time="59.615"/>
  <system-out/>
  <testcase classname="mainPackage.RunnerClass" name="testMethod" time="52.468"/>
  <system-out/>
  <testcase classname="mainPackage.RunnerClass" name="testMethod" time="50.339"/>
  <system-out/>
  <testcase classname="mainPackage.RunnerClass" name="testMethod" time="52.107"/>
  <system-out/>
  <testcase classname="mainPackage.RunnerClass" name="testMethod" time="49.927"/>
  <system-out/>
  <testcase classname="mainPackage.RunnerClass" name="testMethod" time="49.970"/>
  <system-out/>
  <testcase classname="mainPackage.RunnerClass" name="testMethod" time="51.858"/>
  <system-out/>
  <testcase classname="mainPackage.RunnerClass" name="testMethod" time="50.320"/>
  <system-out/>
  <testcase classname="mainPackage.RunnerClass" name="testMethod" time="115.295"/>
  <system-out/>
  <testcase classname="mainPackage.RunnerClass" name="testMethod" time="57.443"/>
  <system-out/>
  <testcase classname="mainPackage.RunnerClass" name="testMethod" time="51.173"/>
  <system-out/>
  <testcase classname="mainPackage.RunnerClass" name="testMethod" time="53.188"/>
  <system-out/>
  <testcase classname="mainPackage.RunnerClass" name="testMethod" time="50.189"/>
  <system-out/>
  <testcase classname="mainPackage.RunnerClass" name="testMethod" time="52.073"/>
  <system-out/>
  <testcase classname="mainPackage.RunnerClass" name="testMethod" time="50.291"/>
  <system-out/>
  <testcase classname="mainPackage.RunnerClass" name="testMethod" time="49.486"/>
  <system-out/>
  <testcase classname="mainPackage.RunnerClass" name="testMethod" time="49.747"/>
  <system-out/>
  <testcase classname="mainPackage.RunnerClass" name="testMethod" time="52.206"/>
  <system-out/>
  <testcase classname="mainPackage.RunnerClass" name="testMethod" time="49.501"/>
  <system-out/>
  <testcase classname="mainPackage.RunnerClass" name="testMethod" time="54.080"/>
  <system-out/>
  <testcase classname="mainPackage.RunnerClass" name="testMethod" time="50.352"/>
  <system-out/>
  <testcase classname="mainPackage.RunnerClass" name="testMethod" time="51.783"/>
  <system-out/>
  <testcase classname="mainPackage.RunnerClass" name="testMethod" time="49.245"/>
  <system-out/>
  <testcase classname="mainPackage.RunnerClass" name="testMethod" time="51.932"/>
  <system-out/>
  <testcase classname="mainPackage.RunnerClass" name="testMethod" time="50.150"/>
  <system-out/>
  <testcase classname="mainPackage.RunnerClass" name="testMethod" time="51.987"/>
  <system-out/>
  <testcase classname="mainPackage.RunnerClass" name="testMethod" time="52.125"/>
  <system-out/>
  <testcase classname="mainPackage.RunnerClass" name="testMethod" time="59.054"/>
  <system-out/>
  <testcase classname="mainPackage.RunnerClass" name="testMethod" time="54.762"/>
  <system-out/>
  <testcase classname="mainPackage.RunnerClass" name="testMethod" time="50.143"/>
  <system-out/>
  <testcase classname="mainPackage.RunnerClass" name="testMethod" time="55.417"/>
  <system-out/>
  <testcase classname="mainPackage.RunnerClass" name="testMethod" time="49.586"/>
  <system-out/>
  <testcase classname="mainPackage.RunnerClass" name="testMethod" time="47.197"/>
  <system-out/>
  <testcase classname="mainPackage.RunnerClass" name="testMethod" time="51.192"/>
  <system-out/>
  <testcase classname="mainPackage.RunnerClass" name="testMethod" time="49.672"/>
  <system-out/>
  <testcase classname="mainPackage.RunnerClass" name="testMethod" time="53.275"/>
  <system-out/>
  <testcase classname="mainPackage.RunnerClass" name="testMethod" time="50.340"/>
  <system-out/>
  <testcase classname="mainPackage.RunnerClass" name="testMethod" time="54.328"/>
  <system-out/>
  <testcase classname="mainPackage.RunnerClass" name="testMethod" time="50.484"/>
  <system-out/>
  <testcase classname="mainPackage.RunnerClass" name="testMethod" time="52.877"/>
  <system-out/>
  <testcase classname="mainPackage.RunnerClass" name="testMethod" time="50.367"/>
  <system-out/>
  <testcase classname="mainPackage.RunnerClass" name="testMethod" time="51.601"/>
  <system-out/>
  <testcase classname="mainPackage.RunnerClass" name="testMethod" time="53.097"/>
  <system-out/>
  <testcase classname="mainPackage.RunnerClass" name="testMethod" time="49.962"/>
  <system-out/>
  <testcase classname="mainPackage.RunnerClass" name="testMethod" time="57.739"/>
  <system-out/>
  <testcase classname="mainPackage.RunnerClass" name="testMethod" time="49.431"/>
  <system-out/>
  <testcase classname="mainPackage.RunnerClass" name="testMethod" time="59.080"/>
  <system-out/>
  <testcase classname="mainPackage.RunnerClass" name="testMethod" time="57.066"/>
  <system-out/>
  <testcase classname="mainPackage.RunnerClass" name="testMethod" time="50.340"/>
  <system-out/>
  <testcase classname="mainPackage.RunnerClass" name="testMethod" time="53.615"/>
  <system-out/>
  <testcase classname="mainPackage.RunnerClass" name="testMethod" time="54.696"/>
  <system-out/>
  <testcase classname="mainPackage.RunnerClass" name="testMethod" time="50.573"/>
  <system-out/>
  <testcase classname="mainPackage.RunnerClass" name="testMethod" time="50.589"/>
  <system-out/>
  <testcase classname="mainPackage.RunnerClass" name="testMethod" time="49.530"/>
  <system-out/>
  <testcase classname="mainPackage.RunnerClass" name="testMethod" time="57.734"/>
  <system-out/>
  <testcase classname="mainPackage.RunnerClass" name="testMethod" time="49.377"/>
  <system-out/>
  <testcase classname="mainPackage.RunnerClass" name="testMethod" time="53.835"/>
  <system-out/>
  <testcase classname="mainPackage.RunnerClass" name="testMethod" time="49.770"/>
  <system-out/>
  <testcase classname="mainPackage.RunnerClass" name="testMethod" time="49.972"/>
  <system-out/>
  <testcase classname="mainPackage.RunnerClass" name="testMethod" time="50.837"/>
  <system-out/>
  <testcase classname="mainPackage.RunnerClass" name="testMethod" time="47.160"/>
  <system-out/>
  <testcase classname="mainPackage.RunnerClass" name="testMethod" time="50.162"/>
  <system-out/>
  <testcase classname="mainPackage.RunnerClass" name="testMethod" time="54.064"/>
  <system-out/>
  <testcase classname="mainPackage.RunnerClass" name="testMethod" time="56.018"/>
  <system-out/>
  <testcase classname="mainPackage.RunnerClass" name="testMethod" time="50.047"/>
  <system-out/>
  <testcase classname="mainPackage.RunnerClass" name="testMethod" time="48.568"/>
  <system-out/>
  <testcase classname="mainPackage.RunnerClass" name="testMethod" time="54.268"/>
  <system-out/>
  <testcase classname="mainPackage.RunnerClass" name="testMethod" time="54.659"/>
  <system-out/>
  <testcase classname="mainPackage.RunnerClass" name="testMethod" time="48.240"/>
  <system-out/>
  <testcase classname="mainPackage.RunnerClass" name="testMethod" time="50.623"/>
  <system-out/>
  <testcase classname="mainPackage.RunnerClass" name="testMethod" time="50.299"/>
  <system-out/>
  <testcase classname="mainPackage.RunnerClass" name="testMethod" time="52.159"/>
  <system-out/>
  <testcase classname="mainPackage.RunnerClass" name="testMethod" time="48.771"/>
  <system-out/>
  <testcase classname="mainPackage.RunnerClass" name="testMethod" time="49.961"/>
  <system-out/>
  <testcase classname="mainPackage.RunnerClass" name="testMethod" time="48.690"/>
  <system-out/>
  <testcase classname="mainPackage.RunnerClass" name="testMethod" time="56.473"/>
  <system-out/>
  <testcase classname="mainPackage.RunnerClass" name="testMethod" time="53.880"/>
  <system-out/>
  <testcase classname="mainPackage.RunnerClass" name="testMethod" time="50.147"/>
  <system-out/>
  <testcase classname="mainPackage.RunnerClass" name="testMethod" time="49.593"/>
  <system-out/>
  <testcase classname="mainPackage.RunnerClass" name="testMethod" time="67.700"/>
  <system-out/>
  <testcase classname="mainPackage.RunnerClass" name="testMethod" time="53.294"/>
  <system-out/>
  <testcase classname="mainPackage.RunnerClass" name="testMethod" time="57.603"/>
  <system-out/>
  <testcase classname="mainPackage.RunnerClass" name="testMethod" time="74.611"/>
  <system-out/>
  <testcase classname="mainPackage.RunnerClass" name="testMethod" time="56.857"/>
  <system-out/>
  <testcase classname="mainPackage.RunnerClass" name="testMethod" time="50.033"/>
  <system-out/>
  <testcase classname="mainPackage.RunnerClass" name="testMethod" time="49.780"/>
  <system-out/>
  <testcase classname="mainPackage.RunnerClass" name="testMethod" time="52.669"/>
  <system-out/>
  <testcase classname="mainPackage.RunnerClass" name="testMethod" time="58.024"/>
  <system-out/>
  <testcase classname="mainPackage.RunnerClass" name="testMethod" time="51.319"/>
  <system-out/>
  <testcase classname="mainPackage.RunnerClass" name="testMethod" time="50.734"/>
  <system-out/>
  <testcase classname="mainPackage.RunnerClass" name="testMethod" time="53.032"/>
  <system-out/>
  <testcase classname="mainPackage.RunnerClass" name="testMethod" time="50.314"/>
  <system-out/>
  <testcase classname="mainPackage.RunnerClass" name="testMethod" time="50.617"/>
  <system-out/>
  <testcase classname="mainPackage.RunnerClass" name="testMethod" time="53.546"/>
  <system-out/>
  <testcase classname="mainPackage.RunnerClass" name="testMethod" time="50.274"/>
  <system-out/>
  <testcase classname="mainPackage.RunnerClass" name="testMethod" time="50.304"/>
  <system-out/>
  <testcase classname="mainPackage.RunnerClass" name="testMethod" time="48.972"/>
  <system-out/>
  <testcase classname="mainPackage.RunnerClass" name="testMethod" time="48.287"/>
  <system-out/>
  <testcase classname="mainPackage.RunnerClass" name="testMethod" time="50.042"/>
  <system-out/>
  <testcase classname="mainPackage.RunnerClass" name="testMethod" time="50.624"/>
  <system-out/>
  <testcase classname="mainPackage.RunnerClass" name="testMethod" time="54.111"/>
  <system-out/>
  <testcase classname="mainPackage.RunnerClass" name="testMethod" time="56.798"/>
  <system-out/>
  <testcase classname="mainPackage.RunnerClass" name="testMethod" time="54.364"/>
  <system-out/>
  <testcase classname="mainPackage.RunnerClass" name="testMethod" time="66.420"/>
  <system-out/>
  <testcase classname="mainPackage.RunnerClass" name="testMethod" time="49.521"/>
  <system-out/>
  <testcase classname="mainPackage.RunnerClass" name="testMethod" time="49.329"/>
  <system-out/>
  <testcase classname="mainPackage.RunnerClass" name="testMethod" time="53.517"/>
  <system-out/>
  <testcase classname="mainPackage.RunnerClass" name="testMethod" time="54.895"/>
  <system-out/>
  <testcase classname="mainPackage.RunnerClass" name="testMethod" time="50.447"/>
  <system-out/>
  <testcase classname="mainPackage.RunnerClass" name="testMethod" time="51.323"/>
  <system-out/>
  <testcase classname="mainPackage.RunnerClass" name="testMethod" time="58.486"/>
  <system-out/>
  <testcase classname="mainPackage.RunnerClass" name="testMethod" time="56.234"/>
  <system-out/>
  <testcase classname="mainPackage.RunnerClass" name="testMethod" time="49.918"/>
  <system-out/>
  <testcase classname="mainPackage.RunnerClass" name="testMethod" time="54.037"/>
  <system-out/>
  <testcase classname="mainPackage.RunnerClass" name="testMethod" time="50.485"/>
  <system-out/>
  <testcase classname="mainPackage.RunnerClass" name="testMethod" time="50.868"/>
  <system-out/>
  <testcase classname="mainPackage.RunnerClass" name="testMethod" time="57.878"/>
  <system-out/>
  <testcase classname="mainPackage.RunnerClass" name="testMethod" time="48.582"/>
  <system-out/>
  <testcase classname="mainPackage.RunnerClass" name="testMethod" time="59.214"/>
  <system-out/>
  <testcase classname="mainPackage.RunnerClass" name="testMethod" time="48.941"/>
  <system-out/>
  <testcase classname="mainPackage.RunnerClass" name="testMethod" time="49.568"/>
  <system-out/>
  <testcase classname="mainPackage.RunnerClass" name="testMethod" time="54.246"/>
  <system-out/>
  <testcase classname="mainPackage.RunnerClass" name="testMethod" time="53.570"/>
  <system-out/>
  <testcase classname="mainPackage.RunnerClass" name="testMethod" time="49.563"/>
  <system-out/>
  <testcase classname="mainPackage.RunnerClass" name="testMethod" time="52.833"/>
  <system-out/>
  <testcase classname="mainPackage.RunnerClass" name="testMethod" time="49.592"/>
  <system-out/>
  <testcase classname="mainPackage.RunnerClass" name="testMethod" time="57.640"/>
  <system-out/>
  <testcase classname="mainPackage.RunnerClass" name="testMethod" time="52.192"/>
  <system-out/>
  <testcase classname="mainPackage.RunnerClass" name="testMethod" time="50.783"/>
  <system-out/>
  <testcase classname="mainPackage.RunnerClass" name="testMethod" time="53.165"/>
  <system-out/>
  <testcase classname="mainPackage.RunnerClass" name="testMethod" time="53.576"/>
  <system-out/>
  <testcase classname="mainPackage.RunnerClass" name="testMethod" time="49.801"/>
  <system-out/>
  <testcase classname="mainPackage.RunnerClass" name="testMethod" time="52.631"/>
  <system-out/>
  <testcase classname="mainPackage.RunnerClass" name="testMethod" time="49.056"/>
  <system-out/>
  <testcase classname="mainPackage.RunnerClass" name="testMethod" time="53.551"/>
  <system-out/>
  <testcase classname="mainPackage.RunnerClass" name="testMethod" time="50.823"/>
  <system-out/>
  <testcase classname="mainPackage.RunnerClass" name="testMethod" time="52.004"/>
  <system-out/>
  <testcase classname="mainPackage.RunnerClass" name="testMethod" time="52.048"/>
  <system-out/>
  <testcase classname="mainPackage.RunnerClass" name="testMethod" time="54.403"/>
  <system-out/>
  <testcase classname="mainPackage.RunnerClass" name="testMethod" time="54.346"/>
  <system-out/>
  <testcase classname="mainPackage.RunnerClass" name="testMethod" time="48.989"/>
  <system-out/>
  <testcase classname="mainPackage.RunnerClass" name="testMethod" time="49.551"/>
  <system-out/>
  <testcase classname="mainPackage.RunnerClass" name="testMethod" time="50.478"/>
  <system-out/>
  <testcase classname="mainPackage.RunnerClass" name="testMethod" time="53.715"/>
  <system-out/>
  <testcase classname="mainPackage.RunnerClass" name="testMethod" time="49.518"/>
  <system-out/>
  <testcase classname="mainPackage.RunnerClass" name="testMethod" time="50.162"/>
  <system-out/>
  <testcase classname="mainPackage.RunnerClass" name="testMethod" time="52.744"/>
  <system-out/>
  <testcase classname="mainPackage.RunnerClass" name="testMethod" time="53.030"/>
  <system-out/>
  <testcase classname="mainPackage.RunnerClass" name="testMethod" time="50.186"/>
  <system-out/>
  <testcase classname="mainPackage.RunnerClass" name="testMethod" time="52.234"/>
  <system-out/>
  <testcase classname="mainPackage.RunnerClass" name="testMethod" time="48.349"/>
  <system-out/>
  <testcase classname="mainPackage.RunnerClass" name="testMethod" time="53.054"/>
  <system-out/>
  <testcase classname="mainPackage.RunnerClass" name="testMethod" time="52.854"/>
  <system-out/>
  <testcase classname="mainPackage.RunnerClass" name="testMethod" time="52.768"/>
  <system-out/>
  <testcase classname="mainPackage.RunnerClass" name="testMethod" time="49.016"/>
  <system-out/>
  <testcase classname="mainPackage.RunnerClass" name="testMethod" time="55.187"/>
  <system-out/>
  <testcase classname="mainPackage.RunnerClass" name="testMethod" time="52.928"/>
  <system-out/>
  <testcase classname="mainPackage.RunnerClass" name="testMethod" time="49.555"/>
  <system-out/>
  <testcase classname="mainPackage.RunnerClass" name="testMethod" time="53.649"/>
  <system-out/>
  <testcase classname="mainPackage.RunnerClass" name="testMethod" time="49.096"/>
  <system-out/>
  <testcase classname="mainPackage.RunnerClass" name="testMethod" time="50.085"/>
  <system-out/>
  <testcase classname="mainPackage.RunnerClass" name="testMethod" time="56.201"/>
  <system-out/>
  <testcase classname="mainPackage.RunnerClass" name="testMethod" time="52.759"/>
  <system-out/>
  <testcase classname="mainPackage.RunnerClass" name="testMethod" time="52.247"/>
  <system-out/>
  <testcase classname="mainPackage.RunnerClass" name="testMethod" time="50.470"/>
  <system-out/>
  <testcase classname="mainPackage.RunnerClass" name="testMethod" time="49.558"/>
  <system-out/>
  <testcase classname="mainPackage.RunnerClass" name="testMethod" time="51.216"/>
  <system-out/>
  <testcase classname="mainPackage.RunnerClass" name="testMethod" time="51.688"/>
  <system-out/>
  <testcase classname="mainPackage.RunnerClass" name="testMethod" time="50.045"/>
  <system-out/>
  <testcase classname="mainPackage.RunnerClass" name="testMethod" time="57.816"/>
  <system-out/>
  <testcase classname="mainPackage.RunnerClass" name="testMethod" time="50.396"/>
  <system-out/>
  <testcase classname="mainPackage.RunnerClass" name="testMethod" time="54.697"/>
  <system-out/>
  <testcase classname="mainPackage.RunnerClass" name="testMethod" time="59.815"/>
  <system-out/>
  <testcase classname="mainPackage.RunnerClass" name="testMethod" time="52.552"/>
  <system-out/>
  <testcase classname="mainPackage.RunnerClass" name="testMethod" time="49.229"/>
  <system-out/>
  <testcase classname="mainPackage.RunnerClass" name="testMethod" time="50.108"/>
  <system-out/>
  <testcase classname="mainPackage.RunnerClass" name="testMethod" time="50.217"/>
  <system-out/>
  <testcase classname="mainPackage.RunnerClass" name="testMethod" time="52.610"/>
  <system-out/>
  <testcase classname="mainPackage.RunnerClass" name="testMethod" time="48.626"/>
  <system-out/>
  <testcase classname="mainPackage.RunnerClass" name="testMethod" time="51.099"/>
  <system-out/>
  <testcase classname="mainPackage.RunnerClass" name="testMethod" time="50.416"/>
  <system-out/>
  <testcase classname="mainPackage.RunnerClass" name="testMethod" time="51.352"/>
  <system-out/>
  <testcase classname="mainPackage.RunnerClass" name="testMethod" time="48.323"/>
  <system-out/>
  <testcase classname="mainPackage.RunnerClass" name="testMethod" time="51.157"/>
  <system-out/>
  <testcase classname="mainPackage.RunnerClass" name="testMethod" time="49.541"/>
  <system-out/>
  <testcase classname="mainPackage.RunnerClass" name="testMethod" time="54.468"/>
  <system-out/>
  <testcase classname="mainPackage.RunnerClass" name="testMethod" time="51.779"/>
  <system-out/>
  <testcase classname="mainPackage.RunnerClass" name="testMethod" time="51.000"/>
  <system-out/>
  <testcase classname="mainPackage.RunnerClass" name="testMethod" time="53.570"/>
  <system-out/>
  <testcase classname="mainPackage.RunnerClass" name="testMethod" time="50.826"/>
  <system-out/>
  <testcase classname="mainPackage.RunnerClass" name="testMethod" time="49.841"/>
  <system-out/>
  <testcase classname="mainPackage.RunnerClass" name="testMethod" time="50.612"/>
  <system-out/>
  <testcase classname="mainPackage.RunnerClass" name="testMethod" time="52.324"/>
  <system-out/>
  <testcase classname="mainPackage.RunnerClass" name="testMethod" time="50.322"/>
  <system-out/>
  <testcase classname="mainPackage.RunnerClass" name="testMethod" time="49.968"/>
  <system-out/>
  <testcase classname="mainPackage.RunnerClass" name="testMethod" time="58.237"/>
  <system-out/>
  <testcase classname="mainPackage.RunnerClass" name="testMethod" time="49.253"/>
  <system-out/>
  <testcase classname="mainPackage.RunnerClass" name="testMethod" time="52.764"/>
  <system-out/>
  <testcase classname="mainPackage.RunnerClass" name="testMethod" time="55.107"/>
  <system-out/>
  <testcase classname="mainPackage.RunnerClass" name="testMethod" time="49.979"/>
  <system-out/>
  <testcase classname="mainPackage.RunnerClass" name="testMethod" time="52.725"/>
  <system-out/>
  <testcase classname="mainPackage.RunnerClass" name="testMethod" time="50.955"/>
  <system-out/>
  <testcase classname="mainPackage.RunnerClass" name="testMethod" time="52.811"/>
  <system-out/>
  <testcase classname="mainPackage.RunnerClass" name="testMethod" time="50.405"/>
  <system-out/>
  <testcase classname="mainPackage.RunnerClass" name="testMethod" time="49.022"/>
  <system-out/>
  <testcase classname="mainPackage.RunnerClass" name="testMethod" time="49.873"/>
  <system-out/>
  <testcase classname="mainPackage.RunnerClass" name="testMethod" time="50.094"/>
  <system-out/>
  <testcase classname="mainPackage.RunnerClass" name="testMethod" time="50.034"/>
  <system-out/>
  <testcase classname="mainPackage.RunnerClass" name="testMethod" time="58.785"/>
  <system-out/>
  <testcase classname="mainPackage.RunnerClass" name="testMethod" time="50.361"/>
  <system-out/>
  <testcase classname="mainPackage.RunnerClass" name="testMethod" time="55.825"/>
  <system-out/>
  <testcase classname="mainPackage.RunnerClass" name="testMethod" time="49.698"/>
  <system-out/>
  <testcase classname="mainPackage.RunnerClass" name="testMethod" time="57.000"/>
  <system-out/>
  <testcase classname="mainPackage.RunnerClass" name="testMethod" time="50.798"/>
  <system-out/>
  <testcase classname="mainPackage.RunnerClass" name="testMethod" time="54.449"/>
  <system-out/>
  <testcase classname="mainPackage.RunnerClass" name="testMethod" time="54.899"/>
  <system-out/>
  <testcase classname="mainPackage.RunnerClass" name="testMethod" time="50.613"/>
  <system-out/>
  <testcase classname="mainPackage.RunnerClass" name="testMethod" time="52.658"/>
  <system-out/>
  <testcase classname="mainPackage.RunnerClass" name="testMethod" time="52.597"/>
  <system-out/>
  <testcase classname="mainPackage.RunnerClass" name="testMethod" time="60.868"/>
  <system-out/>
  <testcase classname="mainPackage.RunnerClass" name="testMethod" time="50.435"/>
  <system-out/>
  <testcase classname="mainPackage.RunnerClass" name="testMethod" time="49.703"/>
  <system-out/>
  <testcase classname="mainPackage.RunnerClass" name="testMethod" time="48.809"/>
  <system-out/>
  <testcase classname="mainPackage.RunnerClass" name="testMethod" time="50.009"/>
  <system-out/>
  <testcase classname="mainPackage.RunnerClass" name="testMethod" time="49.543"/>
  <system-out/>
  <testcase classname="mainPackage.RunnerClass" name="testMethod" time="48.953"/>
  <system-out/>
  <testcase classname="mainPackage.RunnerClass" name="testMethod" time="54.177"/>
  <system-out/>
  <testcase classname="mainPackage.RunnerClass" name="testMethod" time="50.635"/>
  <system-out/>
  <testcase classname="mainPackage.RunnerClass" name="testMethod" time="51.089"/>
  <system-out/>
  <testcase classname="mainPackage.RunnerClass" name="testMethod" time="52.208"/>
  <system-out/>
  <testcase classname="mainPackage.RunnerClass" name="testMethod" time="49.057"/>
  <system-out/>
  <testcase classname="mainPackage.RunnerClass" name="testMethod" time="59.595"/>
  <system-out/>
  <testcase classname="mainPackage.RunnerClass" name="testMethod" time="49.044"/>
  <system-out/>
  <testcase classname="mainPackage.RunnerClass" name="testMethod" time="54.367"/>
  <system-out/>
  <testcase classname="mainPackage.RunnerClass" name="testMethod" time="58.371"/>
  <system-out/>
  <testcase classname="mainPackage.RunnerClass" name="testMethod" time="47.741"/>
  <system-out/>
  <testcase classname="mainPackage.RunnerClass" name="testMethod" time="51.095"/>
  <system-out/>
  <testcase classname="mainPackage.RunnerClass" name="testMethod" time="57.876"/>
  <system-out/>
  <testcase classname="mainPackage.RunnerClass" name="testMethod" time="51.190"/>
  <system-out/>
  <testcase classname="mainPackage.RunnerClass" name="testMethod" time="62.327"/>
  <system-out/>
  <testcase classname="mainPackage.RunnerClass" name="testMethod" time="50.780"/>
  <system-out/>
  <testcase classname="mainPackage.RunnerClass" name="testMethod" time="50.706"/>
  <system-out/>
  <testcase classname="mainPackage.RunnerClass" name="testMethod" time="55.318"/>
  <system-out/>
  <testcase classname="mainPackage.RunnerClass" name="testMethod" time="58.928"/>
  <system-out/>
  <testcase classname="mainPackage.RunnerClass" name="testMethod" time="52.782"/>
  <system-out/>
  <testcase classname="mainPackage.RunnerClass" name="testMethod" time="54.526"/>
  <system-out/>
  <testcase classname="mainPackage.RunnerClass" name="testMethod" time="52.241"/>
  <system-out/>
  <testcase classname="mainPackage.RunnerClass" name="testMethod" time="58.841"/>
  <system-out/>
  <testcase classname="mainPackage.RunnerClass" name="testMethod" time="51.555"/>
  <system-out/>
  <testcase classname="mainPackage.RunnerClass" name="testMethod" time="50.848"/>
  <system-out/>
  <testcase classname="mainPackage.RunnerClass" name="testMethod" time="51.272"/>
  <system-out/>
  <testcase classname="mainPackage.RunnerClass" name="testMethod" time="52.467"/>
  <system-out/>
  <testcase classname="mainPackage.RunnerClass" name="testMethod" time="54.734"/>
  <system-out/>
</testsuite> <!-- mainPackage.RunnerClass -->
