<?xml version="1.0" encoding="UTF-8"?>
<!-- Generated by org.testng.reporters.JUnitReportReporter -->
<testsuite hostname="LPDEV01" failures="0" tests="1" name="mainPackage.RunnerClass" time="68.954" errors="0" timestamp="2024-05-09T11:59:04 IST" skipped="0">
  <testcase classname="mainPackage.RunnerClass" name="testMethod" time="68.954"/>
  <system-out/>
</testsuite> <!-- mainPackage.RunnerClass -->
