<?xml version="1.0" encoding="UTF-8"?>
<!-- Generated by org.testng.reporters.JUnitReportReporter -->
<testsuite hostname="LPDEV01" failures="0" tests="56" name="mainPackage.RunnerClass" time="2629.095" errors="0" timestamp="2024-03-21T15:47:02 IST" skipped="0">
  <testcase classname="mainPackage.RunnerClass" name="testMethod" time="49.572"/>
  <system-out/>
  <testcase classname="mainPackage.RunnerClass" name="testMethod" time="48.233"/>
  <system-out/>
  <testcase classname="mainPackage.RunnerClass" name="testMethod" time="47.620"/>
  <system-out/>
  <testcase classname="mainPackage.RunnerClass" name="testMethod" time="46.991"/>
  <system-out/>
  <testcase classname="mainPackage.RunnerClass" name="testMethod" time="46.704"/>
  <system-out/>
  <testcase classname="mainPackage.RunnerClass" name="testMethod" time="45.649"/>
  <system-out/>
  <testcase classname="mainPackage.RunnerClass" name="testMethod" time="47.842"/>
  <system-out/>
  <testcase classname="mainPackage.RunnerClass" name="testMethod" time="46.766"/>
  <system-out/>
  <testcase classname="mainPackage.RunnerClass" name="testMethod" time="47.572"/>
  <system-out/>
  <testcase classname="mainPackage.RunnerClass" name="testMethod" time="48.149"/>
  <system-out/>
  <testcase classname="mainPackage.RunnerClass" name="testMethod" time="45.133"/>
  <system-out/>
  <testcase classname="mainPackage.RunnerClass" name="testMethod" time="46.412"/>
  <system-out/>
  <testcase classname="mainPackage.RunnerClass" name="testMethod" time="46.092"/>
  <system-out/>
  <testcase classname="mainPackage.RunnerClass" name="testMethod" time="49.389"/>
  <system-out/>
  <testcase classname="mainPackage.RunnerClass" name="testMethod" time="46.648"/>
  <system-out/>
  <testcase classname="mainPackage.RunnerClass" name="testMethod" time="45.563"/>
  <system-out/>
  <testcase classname="mainPackage.RunnerClass" name="testMethod" time="43.606"/>
  <system-out/>
  <testcase classname="mainPackage.RunnerClass" name="testMethod" time="51.974"/>
  <system-out/>
  <testcase classname="mainPackage.RunnerClass" name="testMethod" time="50.060"/>
  <system-out/>
  <testcase classname="mainPackage.RunnerClass" name="testMethod" time="45.892"/>
  <system-out/>
  <testcase classname="mainPackage.RunnerClass" name="testMethod" time="45.898"/>
  <system-out/>
  <testcase classname="mainPackage.RunnerClass" name="testMethod" time="48.427"/>
  <system-out/>
  <testcase classname="mainPackage.RunnerClass" name="testMethod" time="46.568"/>
  <system-out/>
  <testcase classname="mainPackage.RunnerClass" name="testMethod" time="49.661"/>
  <system-out/>
  <testcase classname="mainPackage.RunnerClass" name="testMethod" time="46.555"/>
  <system-out/>
  <testcase classname="mainPackage.RunnerClass" name="testMethod" time="46.265"/>
  <system-out/>
  <testcase classname="mainPackage.RunnerClass" name="testMethod" time="46.411"/>
  <system-out/>
  <testcase classname="mainPackage.RunnerClass" name="testMethod" time="47.635"/>
  <system-out/>
  <testcase classname="mainPackage.RunnerClass" name="testMethod" time="45.227"/>
  <system-out/>
  <testcase classname="mainPackage.RunnerClass" name="testMethod" time="48.426"/>
  <system-out/>
  <testcase classname="mainPackage.RunnerClass" name="testMethod" time="51.108"/>
  <system-out/>
  <testcase classname="mainPackage.RunnerClass" name="testMethod" time="51.798"/>
  <system-out/>
  <testcase classname="mainPackage.RunnerClass" name="testMethod" time="45.704"/>
  <system-out/>
  <testcase classname="mainPackage.RunnerClass" name="testMethod" time="50.992"/>
  <system-out/>
  <testcase classname="mainPackage.RunnerClass" name="testMethod" time="45.389"/>
  <system-out/>
  <testcase classname="mainPackage.RunnerClass" name="testMethod" time="46.624"/>
  <system-out/>
  <testcase classname="mainPackage.RunnerClass" name="testMethod" time="45.668"/>
  <system-out/>
  <testcase classname="mainPackage.RunnerClass" name="testMethod" time="45.381"/>
  <system-out/>
  <testcase classname="mainPackage.RunnerClass" name="testMethod" time="44.931"/>
  <system-out/>
  <testcase classname="mainPackage.RunnerClass" name="testMethod" time="46.951"/>
  <system-out/>
  <testcase classname="mainPackage.RunnerClass" name="testMethod" time="45.491"/>
  <system-out/>
  <testcase classname="mainPackage.RunnerClass" name="testMethod" time="46.771"/>
  <system-out/>
  <testcase classname="mainPackage.RunnerClass" name="testMethod" time="46.755"/>
  <system-out/>
  <testcase classname="mainPackage.RunnerClass" name="testMethod" time="46.552"/>
  <system-out/>
  <testcase classname="mainPackage.RunnerClass" name="testMethod" time="45.601"/>
  <system-out/>
  <testcase classname="mainPackage.RunnerClass" name="testMethod" time="46.183"/>
  <system-out/>
  <testcase classname="mainPackage.RunnerClass" name="testMethod" time="44.170"/>
  <system-out/>
  <testcase classname="mainPackage.RunnerClass" name="testMethod" time="45.239"/>
  <system-out/>
  <testcase classname="mainPackage.RunnerClass" name="testMethod" time="45.773"/>
  <system-out/>
  <testcase classname="mainPackage.RunnerClass" name="testMethod" time="46.504"/>
  <system-out/>
  <testcase classname="mainPackage.RunnerClass" name="testMethod" time="47.741"/>
  <system-out/>
  <testcase classname="mainPackage.RunnerClass" name="testMethod" time="46.693"/>
  <system-out/>
  <testcase classname="mainPackage.RunnerClass" name="testMethod" time="46.097"/>
  <system-out/>
  <testcase classname="mainPackage.RunnerClass" name="testMethod" time="45.466"/>
  <system-out/>
  <testcase classname="mainPackage.RunnerClass" name="testMethod" time="44.879"/>
  <system-out/>
  <testcase classname="mainPackage.RunnerClass" name="testMethod" time="47.694"/>
  <system-out/>
</testsuite> <!-- mainPackage.RunnerClass -->
