<?xml version="1.0" encoding="UTF-8"?>
<!-- Generated by org.testng.reporters.JUnitReportReporter -->
<testsuite hostname="LPDEV01" failures="0" tests="66" name="mainPackage.RunnerClass" time="2914.457" errors="0" timestamp="2024-02-08T16:44:53 IST" skipped="0">
  <testcase classname="mainPackage.RunnerClass" name="testMethod" time="43.512"/>
  <system-out/>
  <testcase classname="mainPackage.RunnerClass" name="testMethod" time="42.747"/>
  <system-out/>
  <testcase classname="mainPackage.RunnerClass" name="testMethod" time="45.554"/>
  <system-out/>
  <testcase classname="mainPackage.RunnerClass" name="testMethod" time="44.881"/>
  <system-out/>
  <testcase classname="mainPackage.RunnerClass" name="testMethod" time="49.440"/>
  <system-out/>
  <testcase classname="mainPackage.RunnerClass" name="testMethod" time="43.340"/>
  <system-out/>
  <testcase classname="mainPackage.RunnerClass" name="testMethod" time="43.065"/>
  <system-out/>
  <testcase classname="mainPackage.RunnerClass" name="testMethod" time="43.794"/>
  <system-out/>
  <testcase classname="mainPackage.RunnerClass" name="testMethod" time="43.685"/>
  <system-out/>
  <testcase classname="mainPackage.RunnerClass" name="testMethod" time="42.619"/>
  <system-out/>
  <testcase classname="mainPackage.RunnerClass" name="testMethod" time="43.444"/>
  <system-out/>
  <testcase classname="mainPackage.RunnerClass" name="testMethod" time="44.839"/>
  <system-out/>
  <testcase classname="mainPackage.RunnerClass" name="testMethod" time="43.094"/>
  <system-out/>
  <testcase classname="mainPackage.RunnerClass" name="testMethod" time="42.209"/>
  <system-out/>
  <testcase classname="mainPackage.RunnerClass" name="testMethod" time="44.363"/>
  <system-out/>
  <testcase classname="mainPackage.RunnerClass" name="testMethod" time="36.026"/>
  <system-out/>
  <testcase classname="mainPackage.RunnerClass" name="testMethod" time="43.337"/>
  <system-out/>
  <testcase classname="mainPackage.RunnerClass" name="testMethod" time="43.715"/>
  <system-out/>
  <testcase classname="mainPackage.RunnerClass" name="testMethod" time="44.389"/>
  <system-out/>
  <testcase classname="mainPackage.RunnerClass" name="testMethod" time="43.030"/>
  <system-out/>
  <testcase classname="mainPackage.RunnerClass" name="testMethod" time="44.842"/>
  <system-out/>
  <testcase classname="mainPackage.RunnerClass" name="testMethod" time="43.323"/>
  <system-out/>
  <testcase classname="mainPackage.RunnerClass" name="testMethod" time="43.898"/>
  <system-out/>
  <testcase classname="mainPackage.RunnerClass" name="testMethod" time="44.487"/>
  <system-out/>
  <testcase classname="mainPackage.RunnerClass" name="testMethod" time="44.741"/>
  <system-out/>
  <testcase classname="mainPackage.RunnerClass" name="testMethod" time="42.050"/>
  <system-out/>
  <testcase classname="mainPackage.RunnerClass" name="testMethod" time="42.931"/>
  <system-out/>
  <testcase classname="mainPackage.RunnerClass" name="testMethod" time="44.550"/>
  <system-out/>
  <testcase classname="mainPackage.RunnerClass" name="testMethod" time="43.696"/>
  <system-out/>
  <testcase classname="mainPackage.RunnerClass" name="testMethod" time="41.787"/>
  <system-out/>
  <testcase classname="mainPackage.RunnerClass" name="testMethod" time="43.822"/>
  <system-out/>
  <testcase classname="mainPackage.RunnerClass" name="testMethod" time="41.976"/>
  <system-out/>
  <testcase classname="mainPackage.RunnerClass" name="testMethod" time="49.624"/>
  <system-out/>
  <testcase classname="mainPackage.RunnerClass" name="testMethod" time="43.407"/>
  <system-out/>
  <testcase classname="mainPackage.RunnerClass" name="testMethod" time="43.653"/>
  <system-out/>
  <testcase classname="mainPackage.RunnerClass" name="testMethod" time="43.542"/>
  <system-out/>
  <testcase classname="mainPackage.RunnerClass" name="testMethod" time="43.192"/>
  <system-out/>
  <testcase classname="mainPackage.RunnerClass" name="testMethod" time="43.534"/>
  <system-out/>
  <testcase classname="mainPackage.RunnerClass" name="testMethod" time="49.192"/>
  <system-out/>
  <testcase classname="mainPackage.RunnerClass" name="testMethod" time="42.819"/>
  <system-out/>
  <testcase classname="mainPackage.RunnerClass" name="testMethod" time="43.448"/>
  <system-out/>
  <testcase classname="mainPackage.RunnerClass" name="testMethod" time="48.700"/>
  <system-out/>
  <testcase classname="mainPackage.RunnerClass" name="testMethod" time="43.415"/>
  <system-out/>
  <testcase classname="mainPackage.RunnerClass" name="testMethod" time="43.512"/>
  <system-out/>
  <testcase classname="mainPackage.RunnerClass" name="testMethod" time="43.136"/>
  <system-out/>
  <testcase classname="mainPackage.RunnerClass" name="testMethod" time="43.569"/>
  <system-out/>
  <testcase classname="mainPackage.RunnerClass" name="testMethod" time="43.261"/>
  <system-out/>
  <testcase classname="mainPackage.RunnerClass" name="testMethod" time="43.230"/>
  <system-out/>
  <testcase classname="mainPackage.RunnerClass" name="testMethod" time="42.827"/>
  <system-out/>
  <testcase classname="mainPackage.RunnerClass" name="testMethod" time="48.988"/>
  <system-out/>
  <testcase classname="mainPackage.RunnerClass" name="testMethod" time="43.465"/>
  <system-out/>
  <testcase classname="mainPackage.RunnerClass" name="testMethod" time="59.708"/>
  <system-out/>
  <testcase classname="mainPackage.RunnerClass" name="testMethod" time="43.969"/>
  <system-out/>
  <testcase classname="mainPackage.RunnerClass" name="testMethod" time="43.598"/>
  <system-out/>
  <testcase classname="mainPackage.RunnerClass" name="testMethod" time="43.131"/>
  <system-out/>
  <testcase classname="mainPackage.RunnerClass" name="testMethod" time="43.486"/>
  <system-out/>
  <testcase classname="mainPackage.RunnerClass" name="testMethod" time="42.896"/>
  <system-out/>
  <testcase classname="mainPackage.RunnerClass" name="testMethod" time="43.429"/>
  <system-out/>
  <testcase classname="mainPackage.RunnerClass" name="testMethod" time="43.537"/>
  <system-out/>
  <testcase classname="mainPackage.RunnerClass" name="testMethod" time="42.831"/>
  <system-out/>
  <testcase classname="mainPackage.RunnerClass" name="testMethod" time="49.135"/>
  <system-out/>
  <testcase classname="mainPackage.RunnerClass" name="testMethod" time="43.856"/>
  <system-out/>
  <testcase classname="mainPackage.RunnerClass" name="testMethod" time="43.957"/>
  <system-out/>
  <testcase classname="mainPackage.RunnerClass" name="testMethod" time="44.223"/>
  <system-out/>
  <testcase classname="mainPackage.RunnerClass" name="testMethod" time="42.758"/>
  <system-out/>
  <testcase classname="mainPackage.RunnerClass" name="testMethod" time="44.243"/>
  <system-out/>
</testsuite> <!-- mainPackage.RunnerClass -->
